{"total": {"lines":{"total":920,"covered":349,"skipped":0,"pct":37.93},"statements":{"total":938,"covered":352,"skipped":0,"pct":37.52},"functions":{"total":127,"covered":56,"skipped":0,"pct":44.09},"branches":{"total":452,"covered":125,"skipped":0,"pct":27.65},"branchesTrue":{"total":0,"covered":0,"skipped":0,"pct":100}}
,"/home/runner/work/atom-community-server-backend-JS/atom-community-server-backend-JS/src/collection.js": {"lines":{"total":104,"covered":30,"skipped":0,"pct":28.84},"functions":{"total":11,"covered":5,"skipped":0,"pct":45.45},"statements":{"total":109,"covered":31,"skipped":0,"pct":28.44},"branches":{"total":59,"covered":11,"skipped":0,"pct":18.64}}
,"/home/runner/work/atom-community-server-backend-JS/atom-community-server-backend-JS/src/config.js": {"lines":{"total":14,"covered":9,"skipped":0,"pct":64.28},"functions":{"total":1,"covered":1,"skipped":0,"pct":100},"statements":{"total":14,"covered":9,"skipped":0,"pct":64.28},"branches":{"total":24,"covered":13,"skipped":0,"pct":54.16}}
,"/home/runner/work/atom-community-server-backend-JS/atom-community-server-backend-JS/src/data.js": {"lines":{"total":215,"covered":60,"skipped":0,"pct":27.9},"functions":{"total":21,"covered":9,"skipped":0,"pct":42.85},"statements":{"total":219,"covered":60,"skipped":0,"pct":27.39},"branches":{"total":112,"covered":20,"skipped":0,"pct":17.85}}
,"/home/runner/work/atom-community-server-backend-JS/atom-community-server-backend-JS/src/error.js": {"lines":{"total":7,"covered":7,"skipped":0,"pct":100},"functions":{"total":6,"covered":6,"skipped":0,"pct":100},"statements":{"total":7,"covered":7,"skipped":0,"pct":100},"branches":{"total":0,"covered":0,"skipped":0,"pct":100}}
,"/home/runner/work/atom-community-server-backend-JS/atom-community-server-backend-JS/src/git.js": {"lines":{"total":4,"covered":1,"skipped":0,"pct":25},"functions":{"total":3,"covered":0,"skipped":0,"pct":0},"statements":{"total":4,"covered":1,"skipped":0,"pct":25},"branches":{"total":0,"covered":0,"skipped":0,"pct":100}}
,"/home/runner/work/atom-community-server-backend-JS/atom-community-server-backend-JS/src/logger.js": {"lines":{"total":14,"covered":11,"skipped":0,"pct":78.57},"functions":{"total":5,"covered":4,"skipped":0,"pct":80},"statements":{"total":14,"covered":11,"skipped":0,"pct":78.57},"branches":{"total":8,"covered":5,"skipped":0,"pct":62.5}}
,"/home/runner/work/atom-community-server-backend-JS/atom-community-server-backend-JS/src/main.js": {"lines":{"total":55,"covered":37,"skipped":0,"pct":67.27},"functions":{"total":22,"covered":4,"skipped":0,"pct":18.18},"statements":{"total":55,"covered":37,"skipped":0,"pct":67.27},"branches":{"total":0,"covered":0,"skipped":0,"pct":100}}
,"/home/runner/work/atom-community-server-backend-JS/atom-community-server-backend-JS/src/query.js": {"lines":{"total":54,"covered":51,"skipped":0,"pct":94.44},"functions":{"total":9,"covered":9,"skipped":0,"pct":100},"statements":{"total":55,"covered":52,"skipped":0,"pct":94.54},"branches":{"total":43,"covered":41,"skipped":0,"pct":95.34}}
,"/home/runner/work/atom-community-server-backend-JS/atom-community-server-backend-JS/src/resources.js": {"lines":{"total":80,"covered":30,"skipped":0,"pct":37.5},"functions":{"total":8,"covered":5,"skipped":0,"pct":62.5},"statements":{"total":80,"covered":30,"skipped":0,"pct":37.5},"branches":{"total":38,"covered":8,"skipped":0,"pct":21.05}}
,"/home/runner/work/atom-community-server-backend-JS/atom-community-server-backend-JS/src/search.js": {"lines":{"total":58,"covered":1,"skipped":0,"pct":1.72},"functions":{"total":9,"covered":0,"skipped":0,"pct":0},"statements":{"total":65,"covered":1,"skipped":0,"pct":1.53},"branches":{"total":28,"covered":0,"skipped":0,"pct":0}}
,"/home/runner/work/atom-community-server-backend-JS/atom-community-server-backend-JS/src/users.js": {"lines":{"total":52,"covered":43,"skipped":0,"pct":82.69},"functions":{"total":5,"covered":5,"skipped":0,"pct":100},"statements":{"total":53,"covered":44,"skipped":0,"pct":83.01},"branches":{"total":26,"covered":17,"skipped":0,"pct":65.38}}
,"/home/runner/work/atom-community-server-backend-JS/atom-community-server-backend-JS/src/handlers/common_handler.js": {"lines":{"total":18,"covered":18,"skipped":0,"pct":100},"functions":{"total":5,"covered":5,"skipped":0,"pct":100},"statements":{"total":18,"covered":18,"skipped":0,"pct":100},"branches":{"total":2,"covered":2,"skipped":0,"pct":100}}
,"/home/runner/work/atom-community-server-backend-JS/atom-community-server-backend-JS/src/handlers/oauth_handler.js": {"lines":{"total":1,"covered":1,"skipped":0,"pct":100},"functions":{"total":1,"covered":0,"skipped":0,"pct":0},"statements":{"total":1,"covered":1,"skipped":0,"pct":100},"branches":{"total":0,"covered":0,"skipped":0,"pct":100}}
,"/home/runner/work/atom-community-server-backend-JS/atom-community-server-backend-JS/src/handlers/package_handler.js": {"lines":{"total":206,"covered":35,"skipped":0,"pct":16.99},"functions":{"total":17,"covered":3,"skipped":0,"pct":17.64},"statements":{"total":206,"covered":35,"skipped":0,"pct":16.99},"branches":{"total":102,"covered":8,"skipped":0,"pct":7.84}}
,"/home/runner/work/atom-community-server-backend-JS/atom-community-server-backend-JS/src/handlers/star_handler.js": {"lines":{"total":14,"covered":5,"skipped":0,"pct":35.71},"functions":{"total":1,"covered":0,"skipped":0,"pct":0},"statements":{"total":14,"covered":5,"skipped":0,"pct":35.71},"branches":{"total":4,"covered":0,"skipped":0,"pct":0}}
,"/home/runner/work/atom-community-server-backend-JS/atom-community-server-backend-JS/src/handlers/theme_handler.js": {"lines":{"total":3,"covered":2,"skipped":0,"pct":66.66},"functions":{"total":1,"covered":0,"skipped":0,"pct":0},"statements":{"total":3,"covered":2,"skipped":0,"pct":66.66},"branches":{"total":0,"covered":0,"skipped":0,"pct":100}}
,"/home/runner/work/atom-community-server-backend-JS/atom-community-server-backend-JS/src/handlers/update_handler.js": {"lines":{"total":3,"covered":2,"skipped":0,"pct":66.66},"functions":{"total":1,"covered":0,"skipped":0,"pct":0},"statements":{"total":3,"covered":2,"skipped":0,"pct":66.66},"branches":{"total":0,"covered":0,"skipped":0,"pct":100}}
,"/home/runner/work/atom-community-server-backend-JS/atom-community-server-backend-JS/src/handlers/user_handler.js": {"lines":{"total":18,"covered":6,"skipped":0,"pct":33.33},"functions":{"total":1,"covered":0,"skipped":0,"pct":0},"statements":{"total":18,"covered":6,"skipped":0,"pct":33.33},"branches":{"total":6,"covered":0,"skipped":0,"pct":0}}
}
