{"total": {"lines":{"total":1436,"covered":368,"skipped":0,"pct":25.62},"statements":{"total":1469,"covered":376,"skipped":0,"pct":25.59},"functions":{"total":187,"covered":73,"skipped":0,"pct":39.03},"branches":{"total":652,"covered":117,"skipped":0,"pct":17.94},"branchesTrue":{"total":0,"covered":0,"skipped":0,"pct":100}}
,"/home/runner/work/atom-community-server-backend-JS/atom-community-server-backend-JS/src/cache.js": {"lines":{"total":10,"covered":2,"skipped":0,"pct":20},"functions":{"total":3,"covered":0,"skipped":0,"pct":0},"statements":{"total":10,"covered":2,"skipped":0,"pct":20},"branches":{"total":0,"covered":0,"skipped":0,"pct":100}}
,"/home/runner/work/atom-community-server-backend-JS/atom-community-server-backend-JS/src/collection.js": {"lines":{"total":194,"covered":6,"skipped":0,"pct":3.09},"functions":{"total":23,"covered":2,"skipped":0,"pct":8.69},"statements":{"total":205,"covered":6,"skipped":0,"pct":2.92},"branches":{"total":112,"covered":0,"skipped":0,"pct":0}}
,"/home/runner/work/atom-community-server-backend-JS/atom-community-server-backend-JS/src/config.js": {"lines":{"total":14,"covered":9,"skipped":0,"pct":64.28},"functions":{"total":1,"covered":1,"skipped":0,"pct":100},"statements":{"total":14,"covered":9,"skipped":0,"pct":64.28},"branches":{"total":44,"covered":23,"skipped":0,"pct":52.27}}
,"/home/runner/work/atom-community-server-backend-JS/atom-community-server-backend-JS/src/data.js": {"lines":{"total":243,"covered":10,"skipped":0,"pct":4.11},"functions":{"total":23,"covered":2,"skipped":0,"pct":8.69},"statements":{"total":247,"covered":10,"skipped":0,"pct":4.04},"branches":{"total":126,"covered":1,"skipped":0,"pct":0.79}}
,"/home/runner/work/atom-community-server-backend-JS/atom-community-server-backend-JS/src/database.js": {"lines":{"total":156,"covered":26,"skipped":0,"pct":16.66},"functions":{"total":25,"covered":6,"skipped":0,"pct":24},"statements":{"total":157,"covered":26,"skipped":0,"pct":16.56},"branches":{"total":69,"covered":4,"skipped":0,"pct":5.79}}
,"/home/runner/work/atom-community-server-backend-JS/atom-community-server-backend-JS/src/debug_utils.js": {"lines":{"total":15,"covered":14,"skipped":0,"pct":93.33},"functions":{"total":1,"covered":1,"skipped":0,"pct":100},"statements":{"total":15,"covered":14,"skipped":0,"pct":93.33},"branches":{"total":6,"covered":5,"skipped":0,"pct":83.33}}
,"/home/runner/work/atom-community-server-backend-JS/atom-community-server-backend-JS/src/error.js": {"lines":{"total":9,"covered":9,"skipped":0,"pct":100},"functions":{"total":8,"covered":8,"skipped":0,"pct":100},"statements":{"total":9,"covered":9,"skipped":0,"pct":100},"branches":{"total":0,"covered":0,"skipped":0,"pct":100}}
,"/home/runner/work/atom-community-server-backend-JS/atom-community-server-backend-JS/src/git.js": {"lines":{"total":125,"covered":5,"skipped":0,"pct":4},"functions":{"total":7,"covered":0,"skipped":0,"pct":0},"statements":{"total":129,"covered":5,"skipped":0,"pct":3.87},"branches":{"total":55,"covered":0,"skipped":0,"pct":0}}
,"/home/runner/work/atom-community-server-backend-JS/atom-community-server-backend-JS/src/logger.js": {"lines":{"total":14,"covered":10,"skipped":0,"pct":71.42},"functions":{"total":5,"covered":4,"skipped":0,"pct":80},"statements":{"total":14,"covered":10,"skipped":0,"pct":71.42},"branches":{"total":8,"covered":1,"skipped":0,"pct":12.5}}
,"/home/runner/work/atom-community-server-backend-JS/atom-community-server-backend-JS/src/main.js": {"lines":{"total":58,"covered":42,"skipped":0,"pct":72.41},"functions":{"total":23,"covered":7,"skipped":0,"pct":30.43},"statements":{"total":58,"covered":42,"skipped":0,"pct":72.41},"branches":{"total":0,"covered":0,"skipped":0,"pct":100}}
,"/home/runner/work/atom-community-server-backend-JS/atom-community-server-backend-JS/src/query.js": {"lines":{"total":57,"covered":56,"skipped":0,"pct":98.24},"functions":{"total":9,"covered":9,"skipped":0,"pct":100},"statements":{"total":58,"covered":57,"skipped":0,"pct":98.27},"branches":{"total":45,"covered":44,"skipped":0,"pct":97.77}}
,"/home/runner/work/atom-community-server-backend-JS/atom-community-server-backend-JS/src/search.js": {"lines":{"total":58,"covered":57,"skipped":0,"pct":98.27},"functions":{"total":9,"covered":9,"skipped":0,"pct":100},"statements":{"total":65,"covered":64,"skipped":0,"pct":98.46},"branches":{"total":28,"covered":24,"skipped":0,"pct":85.71}}
,"/home/runner/work/atom-community-server-backend-JS/atom-community-server-backend-JS/src/storage.js": {"lines":{"total":58,"covered":24,"skipped":0,"pct":41.37},"functions":{"total":7,"covered":5,"skipped":0,"pct":71.42},"statements":{"total":58,"covered":24,"skipped":0,"pct":41.37},"branches":{"total":16,"covered":5,"skipped":0,"pct":31.25}}
,"/home/runner/work/atom-community-server-backend-JS/atom-community-server-backend-JS/src/users.js": {"lines":{"total":47,"covered":6,"skipped":0,"pct":12.76},"functions":{"total":5,"covered":4,"skipped":0,"pct":80},"statements":{"total":48,"covered":6,"skipped":0,"pct":12.5},"branches":{"total":26,"covered":0,"skipped":0,"pct":0}}
,"/home/runner/work/atom-community-server-backend-JS/atom-community-server-backend-JS/src/utils.js": {"lines":{"total":51,"covered":10,"skipped":0,"pct":19.6},"functions":{"total":6,"covered":1,"skipped":0,"pct":16.66},"statements":{"total":55,"covered":10,"skipped":0,"pct":18.18},"branches":{"total":10,"covered":1,"skipped":0,"pct":10}}
,"/home/runner/work/atom-community-server-backend-JS/atom-community-server-backend-JS/src/handlers/common_handler.js": {"lines":{"total":35,"covered":27,"skipped":0,"pct":77.14},"functions":{"total":8,"covered":8,"skipped":0,"pct":100},"statements":{"total":35,"covered":27,"skipped":0,"pct":77.14},"branches":{"total":11,"covered":5,"skipped":0,"pct":45.45}}
,"/home/runner/work/atom-community-server-backend-JS/atom-community-server-backend-JS/src/handlers/oauth_handler.js": {"lines":{"total":5,"covered":3,"skipped":0,"pct":60},"functions":{"total":2,"covered":0,"skipped":0,"pct":0},"statements":{"total":5,"covered":3,"skipped":0,"pct":60},"branches":{"total":0,"covered":0,"skipped":0,"pct":100}}
,"/home/runner/work/atom-community-server-backend-JS/atom-community-server-backend-JS/src/handlers/package_handler.js": {"lines":{"total":231,"covered":26,"skipped":0,"pct":11.25},"functions":{"total":17,"covered":3,"skipped":0,"pct":17.64},"statements":{"total":231,"covered":26,"skipped":0,"pct":11.25},"branches":{"total":84,"covered":3,"skipped":0,"pct":3.57}}
,"/home/runner/work/atom-community-server-backend-JS/atom-community-server-backend-JS/src/handlers/star_handler.js": {"lines":{"total":20,"covered":9,"skipped":0,"pct":45},"functions":{"total":2,"covered":1,"skipped":0,"pct":50},"statements":{"total":20,"covered":9,"skipped":0,"pct":45},"branches":{"total":4,"covered":0,"skipped":0,"pct":0}}
,"/home/runner/work/atom-community-server-backend-JS/atom-community-server-backend-JS/src/handlers/theme_handler.js": {"lines":{"total":12,"covered":9,"skipped":0,"pct":75},"functions":{"total":1,"covered":1,"skipped":0,"pct":100},"statements":{"total":12,"covered":9,"skipped":0,"pct":75},"branches":{"total":2,"covered":1,"skipped":0,"pct":50}}
,"/home/runner/work/atom-community-server-backend-JS/atom-community-server-backend-JS/src/handlers/update_handler.js": {"lines":{"total":3,"covered":3,"skipped":0,"pct":100},"functions":{"total":1,"covered":1,"skipped":0,"pct":100},"statements":{"total":3,"covered":3,"skipped":0,"pct":100},"branches":{"total":0,"covered":0,"skipped":0,"pct":100}}
,"/home/runner/work/atom-community-server-backend-JS/atom-community-server-backend-JS/src/handlers/user_handler.js": {"lines":{"total":21,"covered":5,"skipped":0,"pct":23.8},"functions":{"total":1,"covered":0,"skipped":0,"pct":0},"statements":{"total":21,"covered":5,"skipped":0,"pct":23.8},"branches":{"total":6,"covered":0,"skipped":0,"pct":0}}
}
