TN:
SF:src/collection.js
FN:22,Sort
FN:28,(anonymous_1)
FN:40,(anonymous_2)
FN:52,(anonymous_3)
FN:64,(anonymous_4)
FN:76,(anonymous_5)
FN:109,Direction
FN:129,POFPrune
FN:159,POSPrune
FN:197,SearchWithinPackages
FN:237,EngineFilter
FN:242,(anonymous_11)
FN:243,(anonymous_12)
FN:244,(anonymous_13)
FN:261,(anonymous_14)
FN:262,(anonymous_15)
FN:263,(anonymous_16)
FN:280,(anonymous_17)
FN:430,DeepCopy
FNF:19
FNH:7
FNDA:5,Sort
FNDA:9,(anonymous_1)
FNDA:0,(anonymous_2)
FNDA:0,(anonymous_3)
FNDA:0,(anonymous_4)
FNDA:0,(anonymous_5)
FNDA:8,Direction
FNDA:4,POFPrune
FNDA:3,POSPrune
FNDA:0,SearchWithinPackages
FNDA:1,EngineFilter
FNDA:0,(anonymous_11)
FNDA:0,(anonymous_12)
FNDA:0,(anonymous_13)
FNDA:0,(anonymous_14)
FNDA:0,(anonymous_15)
FNDA:0,(anonymous_16)
FNDA:0,(anonymous_17)
FNDA:320,DeepCopy
DA:7,2
DA:8,2
DA:9,2
DA:27,5
DA:28,5
DA:29,9
DA:30,7
DA:32,2
DA:33,2
DA:35,0
DA:38,5
DA:39,0
DA:40,0
DA:41,0
DA:42,0
DA:44,0
DA:45,0
DA:47,0
DA:50,0
DA:51,0
DA:52,0
DA:53,0
DA:54,0
DA:56,0
DA:57,0
DA:59,0
DA:62,0
DA:63,0
DA:64,0
DA:65,0
DA:66,0
DA:68,0
DA:69,0
DA:71,0
DA:74,0
DA:75,0
DA:76,0
DA:77,0
DA:78,0
DA:80,0
DA:81,0
DA:83,0
DA:86,0
DA:88,0
DA:93,0
DA:111,8
DA:113,5
DA:114,3
DA:118,2
DA:120,1
DA:125,1
DA:140,4
DA:141,0
DA:142,0
DA:143,0
DA:144,0
DA:146,0
DA:151,4
DA:152,4
DA:153,4
DA:155,4
DA:170,3
DA:171,3
DA:173,6
DA:174,6
DA:175,6
DA:177,6
DA:179,0
DA:183,6
DA:185,3
DA:188,0
DA:189,0
DA:190,0
DA:191,0
DA:193,0
DA:208,0
DA:212,0
DA:213,0
DA:216,0
DA:217,0
DA:218,0
DA:219,0
DA:224,0
DA:225,0
DA:226,0
DA:227,0
DA:229,0
DA:231,0
DA:242,1
DA:243,0
DA:244,0
DA:246,0
DA:247,0
DA:248,0
DA:249,0
DA:252,0
DA:253,0
DA:254,0
DA:255,0
DA:258,0
DA:261,1
DA:262,0
DA:263,0
DA:265,0
DA:266,0
DA:267,0
DA:268,0
DA:271,0
DA:272,0
DA:273,0
DA:274,0
DA:277,0
DA:280,1
DA:281,0
DA:286,1
DA:288,1
DA:291,0
DA:294,0
DA:295,0
DA:299,0
DA:301,0
DA:303,0
DA:304,0
DA:309,0
DA:310,0
DA:313,0
DA:317,0
DA:319,0
DA:321,0
DA:326,0
DA:328,0
DA:338,0
DA:343,0
DA:347,0
DA:349,0
DA:351,0
DA:356,0
DA:358,0
DA:368,0
DA:372,0
DA:375,0
DA:379,0
DA:383,0
DA:385,0
DA:389,0
DA:393,0
DA:395,0
DA:396,0
DA:398,0
DA:400,0
DA:402,0
DA:403,0
DA:405,0
DA:410,0
DA:411,0
DA:413,0
DA:418,0
DA:421,0
DA:425,0
DA:427,0
DA:440,320
DA:441,213
DA:444,107
DA:446,107
DA:447,309
DA:449,309
DA:452,107
DA:455,2
LF:168
LH:42
BRDA:27,0,0,5
BRDA:27,0,1,0
BRDA:29,1,0,7
BRDA:29,1,1,2
BRDA:32,2,0,2
BRDA:32,2,1,0
BRDA:39,3,0,0
BRDA:39,3,1,0
BRDA:41,4,0,0
BRDA:41,4,1,0
BRDA:44,5,0,0
BRDA:44,5,1,0
BRDA:51,6,0,0
BRDA:51,6,1,0
BRDA:53,7,0,0
BRDA:53,7,1,0
BRDA:56,8,0,0
BRDA:56,8,1,0
BRDA:63,9,0,0
BRDA:63,9,1,0
BRDA:65,10,0,0
BRDA:65,10,1,0
BRDA:68,11,0,0
BRDA:68,11,1,0
BRDA:75,12,0,0
BRDA:75,12,1,0
BRDA:77,13,0,0
BRDA:77,13,1,0
BRDA:80,14,0,0
BRDA:80,14,1,0
BRDA:111,15,0,5
BRDA:111,15,1,3
BRDA:114,16,0,2
BRDA:114,16,1,1
BRDA:140,17,0,0
BRDA:140,17,1,4
BRDA:170,18,0,3
BRDA:170,18,1,0
BRDA:177,19,0,0
BRDA:177,19,1,6
BRDA:200,20,0,0
BRDA:208,21,0,0
BRDA:208,21,1,0
BRDA:217,22,0,0
BRDA:217,22,1,0
BRDA:225,23,0,0
BRDA:225,23,1,0
BRDA:246,24,0,0
BRDA:246,24,1,0
BRDA:248,25,0,0
BRDA:248,25,1,0
BRDA:252,26,0,0
BRDA:252,26,1,0
BRDA:254,27,0,0
BRDA:254,27,1,0
BRDA:265,28,0,0
BRDA:265,28,1,0
BRDA:267,29,0,0
BRDA:267,29,1,0
BRDA:271,30,0,0
BRDA:271,30,1,0
BRDA:273,31,0,0
BRDA:273,31,1,0
BRDA:281,32,0,0
BRDA:281,32,1,0
BRDA:281,32,2,0
BRDA:286,33,0,1
BRDA:286,33,1,0
BRDA:294,34,0,0
BRDA:294,34,1,0
BRDA:303,35,0,0
BRDA:303,35,1,0
BRDA:317,36,0,0
BRDA:317,36,1,0
BRDA:319,37,0,0
BRDA:319,37,1,0
BRDA:329,38,0,0
BRDA:329,38,1,0
BRDA:347,39,0,0
BRDA:347,39,1,0
BRDA:349,40,0,0
BRDA:349,40,1,0
BRDA:359,41,0,0
BRDA:359,41,1,0
BRDA:372,42,0,0
BRDA:372,42,1,0
BRDA:372,43,0,0
BRDA:372,43,1,0
BRDA:379,44,0,0
BRDA:379,44,1,0
BRDA:380,45,0,0
BRDA:380,45,1,0
BRDA:393,46,0,0
BRDA:393,46,1,0
BRDA:395,47,0,0
BRDA:395,47,1,0
BRDA:400,48,0,0
BRDA:400,48,1,0
BRDA:402,49,0,0
BRDA:402,49,1,0
BRDA:410,50,0,0
BRDA:410,50,1,0
BRDA:410,51,0,0
BRDA:410,51,1,0
BRDA:418,52,0,0
BRDA:418,52,1,0
BRDA:440,53,0,213
BRDA:440,53,1,107
BRDA:440,54,0,320
BRDA:440,54,1,107
BRDA:444,55,0,17
BRDA:444,55,1,90
BRF:112
BRH:18
end_of_record
TN:
SF:src/config.js
FN:17,GetConfig
FNF:1
FNH:1
FNDA:11,GetConfig
DA:6,4
DA:7,4
DA:18,11
DA:20,11
DA:21,11
DA:22,0
DA:25,11
DA:29,0
DA:30,0
DA:34,11
DA:44,11
DA:86,0
DA:87,0
DA:91,4
LF:14
LH:9
BRDA:25,0,0,0
BRDA:25,0,1,11
BRDA:26,1,0,11
BRDA:26,1,1,11
BRDA:45,2,0,11
BRDA:45,2,1,0
BRDA:46,3,0,11
BRDA:46,3,1,0
BRDA:49,4,0,11
BRDA:49,4,1,0
BRDA:52,5,0,11
BRDA:52,5,1,0
BRDA:55,6,0,0
BRDA:55,6,1,11
BRDA:56,7,0,11
BRDA:56,7,1,0
BRDA:59,8,0,11
BRDA:59,8,1,0
BRDA:62,9,0,11
BRDA:62,9,1,0
BRDA:65,10,0,0
BRDA:65,10,1,11
BRDA:68,11,0,0
BRDA:68,11,1,11
BRDA:71,12,0,0
BRDA:71,12,1,11
BRDA:74,13,0,0
BRDA:74,13,1,11
BRDA:77,14,0,0
BRDA:77,14,1,11
BRDA:80,15,0,0
BRDA:80,15,1,11
BRF:32
BRH:17
end_of_record
TN:
SF:src/data.js
FN:23,Shutdown
FN:82,GetUsers
FN:83,(anonymous_2)
FN:135,GetPackagePointer
FN:136,(anonymous_4)
FN:180,GetAllPackages
FN:181,(anonymous_6)
FN:248,GetPackageByID
FN:257,SetUsers
FN:272,SetPackagePointer
FN:283,SetPackageByID
FN:287,RemovePackageByPointer
FN:300,RestorePackageByPointer
FN:320,RemovePackageByName
FN:373,GetPackageByName
FN:394,GetPackagePointerByName
FN:409,GetPackageCollection
FN:434,StarPackageByName
FN:465,UnStarPackageByName
FN:509,SetPackageByName
FN:533,NewPackage
FNF:21
FNH:9
FNDA:0,Shutdown
FNDA:15,GetUsers
FNDA:2,(anonymous_2)
FNDA:3,GetPackagePointer
FNDA:1,(anonymous_4)
FNDA:3,GetAllPackages
FNDA:1,(anonymous_6)
FNDA:3,GetPackageByID
FNDA:2,SetUsers
FNDA:0,SetPackagePointer
FNDA:0,SetPackageByID
FNDA:0,RemovePackageByPointer
FNDA:0,RestorePackageByPointer
FNDA:0,RemovePackageByName
FNDA:2,GetPackageByName
FNDA:0,GetPackagePointerByName
FNDA:0,GetPackageCollection
FNDA:0,StarPackageByName
FNDA:0,UnStarPackageByName
FNDA:0,SetPackageByName
FNDA:0,NewPackage
DA:8,2
DA:9,2
DA:10,2
DA:14,2
DA:24,0
DA:26,0
DA:27,0
DA:28,0
DA:31,0
DA:32,0
DA:36,0
DA:39,0
DA:40,0
DA:41,0
DA:42,0
DA:43,0
DA:47,0
DA:50,0
DA:51,0
DA:52,0
DA:53,0
DA:54,0
DA:55,0
DA:56,0
DA:58,0
DA:63,0
DA:83,15
DA:84,2
DA:85,2
DA:86,2
DA:87,2
DA:89,0
DA:93,15
DA:94,2
DA:96,2
DA:100,13
DA:102,0
DA:104,0
DA:105,0
DA:106,0
DA:107,0
DA:109,0
DA:112,0
DA:116,0
DA:119,13
DA:121,13
DA:136,3
DA:137,1
DA:138,1
DA:139,1
DA:140,1
DA:142,0
DA:146,3
DA:148,1
DA:149,1
DA:152,2
DA:153,0
DA:154,0
DA:156,2
DA:157,2
DA:181,3
DA:182,1
DA:183,1
DA:184,0
DA:186,1
DA:187,1
DA:188,2
DA:189,2
DA:190,2
DA:194,0
DA:195,0
DA:197,0
DA:206,1
DA:210,3
DA:211,1
DA:212,1
DA:213,1
DA:214,1
DA:215,1
DA:216,1
DA:218,0
DA:222,2
DA:223,0
DA:224,0
DA:225,0
DA:226,0
DA:227,0
DA:228,0
DA:230,0
DA:233,2
DA:234,2
DA:249,3
DA:250,3
DA:251,3
DA:253,0
DA:259,2
DA:263,0
DA:266,2
DA:267,2
DA:268,2
DA:273,0
DA:275,0
DA:277,0
DA:278,0
DA:279,0
DA:284,0
DA:288,0
DA:289,0
DA:294,0
DA:296,0
DA:301,0
DA:302,0
DA:303,0
DA:304,0
DA:308,0
DA:309,0
DA:315,0
DA:316,0
DA:321,0
DA:323,0
DA:324,0
DA:325,0
DA:327,0
DA:329,0
DA:331,0
DA:333,0
DA:335,0
DA:337,0
DA:338,0
DA:342,0
DA:344,0
DA:346,0
DA:353,0
DA:363,0
DA:366,0
DA:369,0
DA:374,2
DA:376,2
DA:377,0
DA:380,2
DA:382,1
DA:383,1
DA:384,1
DA:386,0
DA:389,1
DA:395,0
DA:397,0
DA:398,0
DA:400,0
DA:402,0
DA:404,0
DA:410,0
DA:412,0
DA:413,0
DA:414,0
DA:415,0
DA:419,0
DA:421,0
DA:423,0
DA:431,0
DA:438,0
DA:440,0
DA:442,0
DA:444,0
DA:446,0
DA:448,0
DA:450,0
DA:452,0
DA:455,0
DA:458,0
DA:461,0
DA:466,0
DA:468,0
DA:469,0
DA:471,0
DA:473,0
DA:474,0
DA:475,0
DA:476,0
DA:478,0
DA:483,0
DA:485,0
DA:488,0
DA:490,0
DA:492,0
DA:495,0
DA:499,0
DA:502,0
DA:505,0
DA:510,0
DA:512,0
DA:513,0
DA:514,0
DA:516,0
DA:517,0
DA:519,0
DA:522,0
DA:529,0
DA:539,0
DA:541,0
DA:543,0
DA:544,0
DA:545,0
DA:547,0
DA:549,0
DA:551,0
DA:552,0
DA:556,0
DA:557,0
DA:559,0
DA:560,0
DA:567,0
DA:575,0
DA:578,0
DA:582,2
LF:215
LH:60
BRDA:26,0,0,0
BRDA:26,0,1,0
BRDA:27,1,0,0
BRDA:27,1,1,0
BRDA:33,2,0,0
BRDA:33,2,1,0
BRDA:39,3,0,0
BRDA:39,3,1,0
BRDA:40,4,0,0
BRDA:40,4,1,0
BRDA:44,5,0,0
BRDA:44,5,1,0
BRDA:50,6,0,0
BRDA:50,6,1,0
BRDA:53,7,0,0
BRDA:53,7,1,0
BRDA:55,8,0,0
BRDA:55,8,1,0
BRDA:85,9,0,2
BRDA:85,9,1,0
BRDA:93,10,0,2
BRDA:93,10,1,13
BRDA:100,11,0,0
BRDA:100,11,1,13
BRDA:104,12,0,0
BRDA:104,12,1,0
BRDA:107,13,0,0
BRDA:107,13,1,0
BRDA:138,14,0,1
BRDA:138,14,1,0
BRDA:146,15,0,1
BRDA:146,15,1,2
BRDA:152,16,0,0
BRDA:152,16,1,2
BRDA:183,17,0,0
BRDA:183,17,1,1
BRDA:189,18,0,2
BRDA:189,18,1,0
BRDA:194,19,0,0
BRDA:194,19,1,0
BRDA:210,20,0,1
BRDA:210,20,1,2
BRDA:213,21,0,1
BRDA:213,21,1,0
BRDA:222,22,0,0
BRDA:222,22,1,2
BRDA:225,23,0,0
BRDA:225,23,1,0
BRDA:250,24,0,3
BRDA:250,24,1,0
BRDA:259,25,0,0
BRDA:259,25,1,2
BRDA:273,26,0,0
BRDA:273,26,1,0
BRDA:303,27,0,0
BRDA:303,27,1,0
BRDA:308,28,0,0
BRDA:308,28,1,0
BRDA:323,29,0,0
BRDA:323,29,1,0
BRDA:324,30,0,0
BRDA:324,30,1,0
BRDA:333,31,0,0
BRDA:333,31,1,0
BRDA:337,32,0,0
BRDA:337,32,1,0
BRDA:344,33,0,0
BRDA:344,33,1,0
BRDA:376,34,0,0
BRDA:376,34,1,2
BRDA:380,35,0,1
BRDA:380,35,1,1
BRDA:383,36,0,1
BRDA:383,36,1,0
BRDA:397,37,0,0
BRDA:397,37,1,0
BRDA:400,38,0,0
BRDA:400,38,1,0
BRDA:414,39,0,0
BRDA:414,39,1,0
BRDA:419,40,0,0
BRDA:419,40,1,0
BRDA:440,41,0,0
BRDA:440,41,1,0
BRDA:444,42,0,0
BRDA:444,42,1,0
BRDA:450,43,0,0
BRDA:450,43,1,0
BRDA:468,44,0,0
BRDA:468,44,1,0
BRDA:471,45,0,0
BRDA:471,45,1,0
BRDA:475,46,0,0
BRDA:475,46,1,0
BRDA:483,47,0,0
BRDA:483,47,1,0
BRDA:490,48,0,0
BRDA:490,48,1,0
BRDA:512,49,0,0
BRDA:512,49,1,0
BRDA:513,50,0,0
BRDA:513,50,1,0
BRDA:516,51,0,0
BRDA:516,51,1,0
BRDA:543,52,0,0
BRDA:543,52,1,0
BRDA:547,53,0,0
BRDA:547,53,1,0
BRDA:551,54,0,0
BRDA:551,54,1,0
BRDA:559,55,0,0
BRDA:559,55,1,0
BRF:112
BRH:20
end_of_record
TN:
SF:src/error.js
FN:17,NotFoundJSON
FN:30,SiteWide404
FN:44,MissingAuthJSON
FN:59,ServerErrorJSON
FN:71,PublishPackageExists
FN:83,BadRepoJSON
FN:98,BadPackageJSON
FN:114,UnsupportedJSON
FNF:8
FNH:6
FNDA:4,NotFoundJSON
FNDA:3,SiteWide404
FNDA:4,MissingAuthJSON
FNDA:4,ServerErrorJSON
FNDA:2,PublishPackageExists
FNDA:0,BadRepoJSON
FNDA:0,BadPackageJSON
FNDA:3,UnsupportedJSON
DA:18,4
DA:31,3
DA:45,4
DA:60,4
DA:72,2
DA:84,0
DA:99,0
DA:116,3
DA:121,3
LF:9
LH:7
BRF:0
BRH:0
end_of_record
TN:
SF:src/git.js
FN:24,Ownership
FN:40,CreatePackage
FN:196,getRepoExistance
FN:217,getPackageJSON
FN:247,getRepoReadMe
FN:311,getRepoTags
FNF:6
FNH:0
FNDA:0,Ownership
FNDA:0,CreatePackage
FNDA:0,getRepoExistance
FNDA:0,getPackageJSON
FNDA:0,getRepoReadMe
FNDA:0,getRepoTags
DA:6,1
DA:8,1
DA:9,1
DA:11,1
DA:28,0
DA:41,0
DA:42,0
DA:44,0
DA:46,0
DA:48,0
DA:54,0
DA:56,0
DA:57,0
DA:63,0
DA:65,0
DA:66,0
DA:73,0
DA:75,0
DA:76,0
DA:88,0
DA:92,0
DA:94,0
DA:95,0
DA:96,0
DA:97,0
DA:98,0
DA:99,0
DA:100,0
DA:101,0
DA:108,0
DA:109,0
DA:112,0
DA:113,0
DA:117,0
DA:118,0
DA:122,0
DA:123,0
DA:127,0
DA:128,0
DA:133,0
DA:140,0
DA:144,0
DA:146,0
DA:147,0
DA:148,0
DA:149,0
DA:151,0
DA:159,0
DA:160,0
DA:164,0
DA:165,0
DA:169,0
DA:170,0
DA:171,0
DA:172,0
DA:174,0
DA:180,0
DA:185,0
DA:192,0
DA:197,0
DA:198,0
DA:202,0
DA:203,0
DA:204,0
DA:205,0
DA:208,0
DA:213,0
DA:218,0
DA:219,0
DA:220,0
DA:225,0
DA:226,0
DA:230,0
DA:235,0
DA:238,0
DA:243,0
DA:248,0
DA:249,0
DA:254,0
DA:255,0
DA:257,0
DA:262,0
DA:265,0
DA:271,0
DA:273,0
DA:274,0
DA:275,0
DA:280,0
DA:281,0
DA:284,0
DA:289,0
DA:292,0
DA:297,0
DA:301,0
DA:306,0
DA:312,0
DA:313,0
DA:318,0
DA:319,0
DA:321,0
DA:326,0
DA:329,0
DA:334,0
DA:338,1
LF:104
LH:5
BRDA:46,0,0,0
BRDA:46,0,1,0
BRDA:56,1,0,0
BRDA:56,1,1,0
BRDA:65,2,0,0
BRDA:65,2,1,0
BRDA:75,3,0,0
BRDA:75,3,1,0
BRDA:108,4,0,0
BRDA:108,4,1,0
BRDA:112,5,0,0
BRDA:112,5,1,0
BRDA:117,6,0,0
BRDA:117,6,1,0
BRDA:122,7,0,0
BRDA:122,7,1,0
BRDA:127,8,0,0
BRDA:127,8,1,0
BRDA:144,9,0,0
BRDA:144,9,1,0
BRDA:149,10,0,0
BRDA:149,10,1,0
BRDA:164,11,0,0
BRDA:164,11,1,0
BRDA:171,12,0,0
BRDA:171,12,1,0
BRDA:202,13,0,0
BRDA:202,13,1,0
BRDA:204,14,0,0
BRDA:204,14,1,0
BRDA:225,15,0,0
BRDA:225,15,1,0
BRDA:254,16,0,0
BRDA:254,16,1,0
BRDA:271,17,0,0
BRDA:271,17,1,0
BRDA:280,18,0,0
BRDA:280,18,1,0
BRDA:318,19,0,0
BRDA:318,19,1,0
BRF:40
BRH:0
end_of_record
TN:
SF:src/logger.js
FN:18,HTTPLog
FN:38,ErrorLog
FN:58,WarningLog
FN:76,InfoLog
FN:88,DebugLog
FNF:5
FNH:4
FNDA:12,HTTPLog
FNDA:2,ErrorLog
FNDA:1,WarningLog
FNDA:0,InfoLog
FNDA:21,DebugLog
DA:8,4
DA:19,12
DA:20,12
DA:21,12
DA:40,2
DA:41,2
DA:59,1
DA:60,1
DA:62,0
DA:63,0
DA:77,0
DA:89,21
DA:90,21
DA:94,4
LF:14
LH:11
BRDA:59,0,0,1
BRDA:59,0,1,0
BRDA:59,1,0,1
BRDA:59,1,1,1
BRDA:59,1,2,1
BRDA:59,1,3,0
BRDA:89,2,0,21
BRDA:89,2,1,0
BRF:8
BRH:5
end_of_record
TN:
SF:src/main.js
FN:24,(anonymous_0)
FN:30,(anonymous_1)
FN:44,(anonymous_2)
FN:56,(anonymous_3)
FN:94,(anonymous_4)
FN:131,(anonymous_5)
FN:146,(anonymous_6)
FN:190,(anonymous_7)
FN:218,(anonymous_8)
FN:256,(anonymous_9)
FN:284,(anonymous_10)
FN:311,(anonymous_11)
FN:331,(anonymous_12)
FN:372,(anonymous_13)
FN:399,(anonymous_14)
FN:430,(anonymous_15)
FN:463,(anonymous_16)
FN:496,(anonymous_17)
FN:512,(anonymous_18)
FN:535,(anonymous_19)
FN:557,(anonymous_20)
FN:572,(anonymous_21)
FN:576,(anonymous_22)
FNF:23
FNH:4
FNDA:6,(anonymous_0)
FNDA:0,(anonymous_1)
FNDA:0,(anonymous_2)
FNDA:0,(anonymous_3)
FNDA:3,(anonymous_4)
FNDA:0,(anonymous_5)
FNDA:0,(anonymous_6)
FNDA:0,(anonymous_7)
FNDA:2,(anonymous_8)
FNDA:1,(anonymous_9)
FNDA:0,(anonymous_10)
FNDA:0,(anonymous_11)
FNDA:0,(anonymous_12)
FNDA:0,(anonymous_13)
FNDA:0,(anonymous_14)
FNDA:0,(anonymous_15)
FNDA:0,(anonymous_16)
FNDA:0,(anonymous_17)
FNDA:0,(anonymous_18)
FNDA:0,(anonymous_19)
FNDA:0,(anonymous_20)
FNDA:0,(anonymous_21)
FNDA:0,(anonymous_22)
DA:13,1
DA:14,1
DA:16,1
DA:17,1
DA:18,1
DA:19,1
DA:20,1
DA:21,1
DA:22,1
DA:24,1
DA:26,6
DA:27,6
DA:30,1
DA:33,0
DA:44,1
DA:45,0
DA:56,1
DA:57,0
DA:94,1
DA:95,3
DA:131,1
DA:132,0
DA:146,1
DA:147,0
DA:190,1
DA:191,0
DA:218,1
DA:219,2
DA:256,1
DA:257,1
DA:284,1
DA:285,0
DA:311,1
DA:312,0
DA:331,1
DA:332,0
DA:372,1
DA:373,0
DA:397,1
DA:400,0
DA:428,1
DA:431,0
DA:461,1
DA:464,0
DA:494,1
DA:497,0
DA:512,1
DA:513,0
DA:535,1
DA:536,0
DA:557,1
DA:558,0
DA:572,1
DA:573,0
DA:576,1
DA:579,0
DA:582,1
LF:57
LH:38
BRF:0
BRH:0
end_of_record
TN:
SF:src/query.js
FN:18,page
FN:38,sort
FN:60,dir
FN:87,query
FN:119,engine
FN:144,repo
FN:168,tag
FN:181,rename
FN:206,pathTraversalAttempt
FNF:9
FNH:9
FNDA:7,page
FNDA:6,sort
FNDA:12,dir
FNDA:3,query
FNDA:4,engine
FNDA:3,repo
FNDA:2,tag
FNDA:6,rename
FNDA:2,pathTraversalAttempt
DA:19,7
DA:20,7
DA:22,7
DA:23,4
DA:27,3
DA:42,6
DA:43,6
DA:45,6
DA:46,4
DA:49,2
DA:61,12
DA:62,12
DA:63,12
DA:65,12
DA:68,9
DA:70,9
DA:71,5
DA:73,4
DA:76,3
DA:88,3
DA:90,3
DA:92,3
DA:93,1
DA:96,2
DA:97,2
DA:100,2
DA:102,1
DA:105,1
DA:109,0
DA:120,4
DA:122,4
DA:123,2
DA:132,2
DA:135,2
DA:145,3
DA:147,3
DA:148,1
DA:151,2
DA:159,2
DA:169,2
DA:171,2
DA:182,6
DA:184,6
DA:186,1
DA:189,5
DA:190,2
DA:191,3
DA:192,2
DA:194,1
DA:212,2
DA:214,2
DA:215,4
DA:216,1
DA:219,1
DA:222,2
LF:55
LH:54
BRDA:22,0,0,4
BRDA:22,0,1,3
BRDA:27,1,0,2
BRDA:27,1,1,1
BRDA:38,2,0,6
BRDA:45,3,0,4
BRDA:45,3,1,2
BRDA:49,4,0,1
BRDA:49,4,1,1
BRDA:65,5,0,9
BRDA:65,5,1,3
BRDA:70,6,0,5
BRDA:70,6,1,4
BRDA:73,7,0,3
BRDA:73,7,1,1
BRDA:76,8,0,2
BRDA:76,8,1,1
BRDA:92,9,0,1
BRDA:92,9,1,2
BRDA:100,10,0,1
BRDA:100,10,1,1
BRDA:122,11,0,2
BRDA:122,11,1,2
BRDA:135,12,0,1
BRDA:135,12,1,1
BRDA:147,13,0,1
BRDA:147,13,1,2
BRDA:159,14,0,1
BRDA:159,14,1,1
BRDA:171,15,0,1
BRDA:171,15,1,1
BRDA:184,16,0,1
BRDA:184,16,1,5
BRDA:189,17,0,2
BRDA:189,17,1,3
BRDA:189,18,0,5
BRDA:189,18,1,4
BRDA:191,19,0,2
BRDA:191,19,1,1
BRDA:191,20,0,3
BRDA:191,20,1,2
BRDA:215,21,0,1
BRDA:215,21,1,3
BRF:43
BRH:43
end_of_record
TN:
SF:src/resources.js
FN:23,(anonymous_0)
FN:31,(anonymous_1)
FN:34,(anonymous_2)
FN:51,Read
FN:86,readFile
FN:128,Write
FN:150,writeFile
FN:186,Delete
FNF:8
FNH:5
FNDA:4,(anonymous_0)
FNDA:17,(anonymous_1)
FNDA:2,(anonymous_2)
FNDA:6,Read
FNDA:6,readFile
FNDA:0,Write
FNDA:0,writeFile
FNDA:0,Delete
DA:9,2
DA:10,2
DA:12,2
DA:24,4
DA:25,4
DA:26,4
DA:27,4
DA:28,4
DA:29,4
DA:32,17
DA:35,2
DA:52,6
DA:53,2
DA:54,2
DA:57,2
DA:58,2
DA:59,2
DA:62,0
DA:64,4
DA:65,1
DA:66,1
DA:67,1
DA:68,1
DA:69,1
DA:71,0
DA:73,3
DA:74,3
DA:87,6
DA:88,6
DA:89,6
DA:90,6
DA:92,0
DA:93,0
DA:95,0
DA:98,0
DA:100,0
DA:101,0
DA:105,0
DA:106,0
DA:107,0
DA:109,0
DA:112,0
DA:113,0
DA:129,0
DA:130,0
DA:131,0
DA:132,0
DA:136,0
DA:137,0
DA:151,0
DA:152,0
DA:153,0
DA:154,0
DA:156,0
DA:158,0
DA:160,0
DA:161,0
DA:165,0
DA:166,0
DA:167,0
DA:169,0
DA:172,0
DA:173,0
DA:189,0
DA:190,0
DA:191,0
DA:193,0
DA:194,0
DA:196,0
DA:199,0
DA:201,0
DA:202,0
DA:203,0
DA:205,0
DA:206,0
DA:207,0
DA:209,0
DA:212,0
DA:213,0
DA:217,2
LF:80
LH:30
BRDA:52,0,0,2
BRDA:52,0,1,4
BRDA:54,1,0,2
BRDA:54,1,1,0
BRDA:64,2,0,1
BRDA:64,2,1,3
BRDA:66,3,0,1
BRDA:66,3,1,0
BRDA:73,4,0,3
BRDA:73,4,1,0
BRDA:87,5,0,6
BRDA:87,5,1,0
BRDA:92,6,0,0
BRDA:92,6,1,0
BRDA:98,7,0,0
BRDA:98,7,1,0
BRDA:100,8,0,0
BRDA:100,8,1,0
BRDA:129,9,0,0
BRDA:129,9,1,0
BRDA:131,10,0,0
BRDA:131,10,1,0
BRDA:136,11,0,0
BRDA:136,11,1,0
BRDA:151,12,0,0
BRDA:151,12,1,0
BRDA:158,13,0,0
BRDA:158,13,1,0
BRDA:160,14,0,0
BRDA:160,14,1,0
BRDA:189,15,0,0
BRDA:189,15,1,0
BRDA:193,16,0,0
BRDA:193,16,1,0
BRDA:201,17,0,0
BRDA:201,17,1,0
BRDA:202,18,0,0
BRDA:202,18,1,0
BRF:38
BRH:8
end_of_record
TN:
SF:src/search.js
FN:18,levenshtein
FN:30,vlSimilarity
FN:54,vlEditDistance
FN:92,levenshteinWSDM
FN:117,(anonymous_4)
FN:121,(anonymous_5)
FN:136,lcs
FN:143,(anonymous_7)
FN:173,lcsTraceBack
FNF:9
FNH:0
FNDA:0,levenshtein
FNDA:0,vlSimilarity
FNDA:0,vlEditDistance
FNDA:0,levenshteinWSDM
FNDA:0,(anonymous_4)
FNDA:0,(anonymous_5)
FNDA:0,lcs
FNDA:0,(anonymous_7)
FNDA:0,lcsTraceBack
DA:19,0
DA:31,0
DA:32,0
DA:33,0
DA:34,0
DA:35,0
DA:37,0
DA:38,0
DA:39,0
DA:41,0
DA:55,0
DA:56,0
DA:58,0
DA:59,0
DA:60,0
DA:61,0
DA:62,0
DA:63,0
DA:65,0
DA:66,0
DA:67,0
DA:68,0
DA:70,0
DA:71,0
DA:75,0
DA:76,0
DA:79,0
DA:105,0
DA:106,0
DA:107,0
DA:108,0
DA:110,0
DA:111,0
DA:112,0
DA:113,0
DA:114,0
DA:116,0
DA:117,0
DA:121,0
DA:139,0
DA:140,0
DA:141,0
DA:143,0
DA:145,0
DA:146,0
DA:147,0
DA:148,0
DA:150,0
DA:155,0
DA:159,0
DA:174,0
DA:175,0
DA:177,0
DA:178,0
DA:183,0
DA:184,0
DA:186,0
DA:189,2
LF:58
LH:1
BRDA:33,0,0,0
BRDA:33,0,1,0
BRDA:38,1,0,0
BRDA:38,1,1,0
BRDA:62,2,0,0
BRDA:62,2,1,0
BRDA:65,3,0,0
BRDA:65,3,1,0
BRDA:67,4,0,0
BRDA:67,4,1,0
BRDA:75,5,0,0
BRDA:75,5,1,0
BRDA:117,6,0,0
BRDA:117,6,1,0
BRDA:117,7,0,0
BRDA:117,7,1,0
BRDA:147,8,0,0
BRDA:147,8,1,0
BRDA:174,9,0,0
BRDA:174,9,1,0
BRDA:174,10,0,0
BRDA:174,10,1,0
BRDA:177,11,0,0
BRDA:177,11,1,0
BRDA:180,12,0,0
BRDA:180,12,1,0
BRDA:183,13,0,0
BRDA:183,13,1,0
BRF:28
BRH:0
end_of_record
TN:
SF:src/users.js
FN:21,VerifyAuth
FN:48,GetUser
FN:74,AddUserStar
FN:116,RemoveUserStar
FN:162,Prune
FNF:5
FNH:5
FNDA:4,VerifyAuth
FNDA:9,GetUser
FNDA:1,AddUserStar
FNDA:1,RemoveUserStar
FNDA:3,Prune
DA:8,2
DA:22,4
DA:23,4
DA:24,4
DA:25,7
DA:27,7
DA:28,4
DA:29,1
DA:33,3
DA:35,0
DA:49,9
DA:50,9
DA:51,9
DA:53,8
DA:56,1
DA:59,0
DA:76,1
DA:78,1
DA:80,1
DA:84,1
DA:85,1
DA:86,1
DA:89,1
DA:91,1
DA:92,1
DA:94,0
DA:98,0
DA:101,0
DA:117,1
DA:119,1
DA:121,1
DA:122,1
DA:123,3
DA:124,1
DA:125,1
DA:128,1
DA:130,1
DA:134,1
DA:135,1
DA:136,1
DA:137,1
DA:138,1
DA:139,1
DA:141,0
DA:144,0
DA:148,0
DA:151,0
DA:170,3
DA:172,3
DA:174,3
DA:177,3
DA:180,2
LF:52
LH:43
BRDA:23,0,0,4
BRDA:23,0,1,0
BRDA:27,1,0,4
BRDA:27,1,1,3
BRDA:28,2,0,1
BRDA:28,2,1,3
BRDA:50,3,0,9
BRDA:50,3,1,0
BRDA:51,4,0,8
BRDA:51,4,1,1
BRDA:78,5,0,1
BRDA:78,5,1,0
BRDA:85,6,0,1
BRDA:85,6,1,0
BRDA:91,7,0,1
BRDA:91,7,1,0
BRDA:119,8,0,1
BRDA:119,8,1,0
BRDA:123,9,0,1
BRDA:123,9,1,2
BRDA:128,10,0,1
BRDA:128,10,1,0
BRDA:135,11,0,1
BRDA:135,11,1,0
BRDA:138,12,0,1
BRDA:138,12,1,0
BRF:26
BRH:17
end_of_record
TN:
SF:src/handlers/common_handler.js
FN:26,AuthFail
FN:48,ServerError
FN:63,NotFound
FN:77,NotSupported
FN:91,SiteWideNotFound
FN:105,BadRepoJSON
FN:119,BadPackageJSON
FNF:7
FNH:5
FNDA:3,AuthFail
FNDA:1,ServerError
FNDA:2,NotFound
FNDA:1,NotSupported
FNDA:1,SiteWideNotFound
FNDA:0,BadRepoJSON
FNDA:0,BadPackageJSON
DA:10,2
DA:11,2
DA:27,3
DA:28,2
DA:29,2
DA:31,1
DA:32,1
DA:33,1
DA:49,1
DA:50,1
DA:51,1
DA:64,2
DA:65,2
DA:78,1
DA:79,1
DA:92,1
DA:93,1
DA:106,0
DA:107,0
DA:120,0
DA:121,0
DA:124,2
LF:22
LH:18
BRDA:27,0,0,2
BRDA:27,0,1,1
BRF:2
BRH:2
end_of_record
TN:
SF:src/handlers/oauth_handler.js
FN:2,GETLogin
FN:17,GETOauth
FNF:2
FNH:0
FNDA:0,GETLogin
FNDA:0,GETOauth
DA:1,1
DA:10,0
DA:19,1
LF:3
LH:2
BRF:0
BRH:0
end_of_record
TN:
SF:src/handlers/package_handler.js
FN:25,GETPackages
FN:92,POSTPackages
FN:188,GETPackagesFeatured
FN:204,GETPackagesSearch
FN:260,GETPackagesDetails
FN:290,DELETEPackagesName
FN:326,POSTPackagesStar
FN:381,DELETEPackagesStar
FN:449,GETPackagesStargazers
FN:469,POSTPackagesVersion
FN:494,GETPackagesVersion
FN:535,GETPackagesVersionTarball
FN:575,DELETEPackageVersion
FN:630,POSTPackagesEventUninstall
FN:642,(anonymous_14)
FN:664,DetermineUserPackagePermission
FN:674,DetermineUserPackageGitPermission
FNF:17
FNH:3
FNDA:3,GETPackages
FNDA:0,POSTPackages
FNDA:0,GETPackagesFeatured
FNDA:0,GETPackagesSearch
FNDA:2,GETPackagesDetails
FNDA:1,DELETEPackagesName
FNDA:0,POSTPackagesStar
FNDA:0,DELETEPackagesStar
FNDA:0,GETPackagesStargazers
FNDA:0,POSTPackagesVersion
FNDA:0,GETPackagesVersion
FNDA:0,GETPackagesVersionTarball
FNDA:0,DELETEPackageVersion
FNDA:0,POSTPackagesEventUninstall
FNDA:0,(anonymous_14)
FNDA:0,DetermineUserPackagePermission
FNDA:0,DetermineUserPackageGitPermission
DA:15,1
DA:16,1
DA:17,1
DA:18,1
DA:19,1
DA:20,1
DA:21,1
DA:22,1
DA:23,1
DA:27,3
DA:33,3
DA:35,3
DA:40,3
DA:42,3
DA:43,3
DA:45,3
DA:46,3
DA:47,0
DA:49,3
DA:50,0
DA:56,3
DA:61,3
DA:76,3
DA:77,3
DA:79,0
DA:94,0
DA:99,0
DA:102,0
DA:103,0
DA:104,0
DA:108,0
DA:110,0
DA:111,0
DA:121,0
DA:125,0
DA:127,0
DA:128,0
DA:129,0
DA:133,0
DA:135,0
DA:136,0
DA:140,0
DA:142,0
DA:146,0
DA:147,0
DA:151,0
DA:153,0
DA:154,0
DA:155,0
DA:156,0
DA:157,0
DA:158,0
DA:159,0
DA:161,0
DA:162,0
DA:167,0
DA:169,0
DA:170,0
DA:171,0
DA:176,0
DA:178,0
DA:180,0
DA:181,0
DA:184,0
DA:185,0
DA:201,0
DA:206,0
DA:213,0
DA:215,0
DA:216,0
DA:217,0
DA:218,0
DA:219,0
DA:221,0
DA:222,0
DA:223,0
DA:225,0
DA:226,0
DA:232,0
DA:236,0
DA:253,0
DA:254,0
DA:256,0
DA:262,2
DA:266,2
DA:268,2
DA:270,1
DA:271,1
DA:273,1
DA:274,1
DA:277,0
DA:279,1
DA:280,1
DA:282,1
DA:283,1
DA:284,0
DA:285,0
DA:292,1
DA:296,1
DA:298,1
DA:299,0
DA:301,0
DA:304,0
DA:306,0
DA:308,0
DA:310,0
DA:311,0
DA:314,0
DA:319,0
DA:322,1
DA:328,0
DA:332,0
DA:334,0
DA:336,0
DA:341,0
DA:343,0
DA:345,0
DA:347,0
DA:348,0
DA:351,0
DA:356,0
DA:358,0
DA:361,0
DA:362,0
DA:363,0
DA:368,0
DA:369,0
DA:374,0
DA:377,0
DA:383,0
DA:387,0
DA:389,0
DA:391,0
DA:396,0
DA:398,0
DA:403,0
DA:406,0
DA:413,0
DA:418,0
DA:420,0
DA:423,0
DA:424,0
DA:425,0
DA:430,0
DA:431,0
DA:436,0
DA:439,0
DA:441,0
DA:445,0
DA:451,0
DA:454,0
DA:456,0
DA:458,0
DA:459,0
DA:461,0
DA:462,0
DA:464,0
DA:471,0
DA:477,0
DA:479,0
DA:480,0
DA:482,0
DA:484,0
DA:487,0
DA:490,0
DA:496,0
DA:502,0
DA:504,0
DA:506,0
DA:508,0
DA:511,0
DA:516,0
DA:517,0
DA:520,0
DA:523,0
DA:524,0
DA:526,0
DA:531,0
DA:537,0
DA:545,0
DA:547,0
DA:548,0
DA:549,0
DA:552,0
DA:554,0
DA:555,0
DA:559,0
DA:562,0
DA:564,0
DA:565,0
DA:570,0
DA:571,0
DA:572,0
DA:577,0
DA:582,0
DA:584,0
DA:585,0
DA:587,0
DA:589,0
DA:591,0
DA:592,0
DA:594,0
DA:597,0
DA:599,0
DA:601,0
DA:603,0
DA:604,0
DA:606,0
DA:611,0
DA:615,0
DA:616,0
DA:618,0
DA:623,0
DA:626,0
DA:636,0
DA:642,0
DA:643,0
DA:644,0
DA:645,0
DA:646,0
DA:647,0
DA:648,0
DA:649,0
DA:651,0
DA:654,0
DA:655,0
DA:657,0
DA:665,0
DA:667,0
DA:668,0
DA:670,0
DA:681,0
DA:683,0
DA:684,0
DA:686,0
DA:687,0
DA:690,0
DA:693,0
DA:697,1
LF:239
LH:38
BRDA:35,0,0,3
BRDA:35,0,1,0
BRDA:46,1,0,0
BRDA:46,1,1,3
BRDA:49,2,0,0
BRDA:49,2,1,3
BRDA:102,3,0,0
BRDA:102,3,1,0
BRDA:108,4,0,0
BRDA:108,4,1,0
BRDA:125,5,0,0
BRDA:125,5,1,0
BRDA:133,6,0,0
BRDA:133,6,1,0
BRDA:142,7,0,0
BRDA:142,7,1,0
BRDA:153,8,0,0
BRDA:153,8,1,0
BRDA:154,9,0,0
BRDA:154,9,1,0
BRDA:157,10,0,0
BRDA:157,10,1,0
BRDA:169,11,0,0
BRDA:169,11,1,0
BRDA:178,12,0,0
BRDA:178,12,1,0
BRDA:215,13,0,0
BRDA:215,13,1,0
BRDA:222,14,0,0
BRDA:222,14,1,0
BRDA:225,15,0,0
BRDA:225,15,1,0
BRDA:268,16,0,1
BRDA:268,16,1,1
BRDA:274,17,0,0
BRDA:274,17,1,1
BRDA:282,18,0,1
BRDA:282,18,1,0
BRDA:284,19,0,0
BRDA:284,19,1,0
BRDA:298,20,0,0
BRDA:298,20,1,1
BRDA:301,21,0,0
BRDA:301,21,1,0
BRDA:306,22,0,0
BRDA:306,22,1,0
BRDA:310,23,0,0
BRDA:310,23,1,0
BRDA:334,24,0,0
BRDA:334,24,1,0
BRDA:341,25,0,0
BRDA:341,25,1,0
BRDA:345,26,0,0
BRDA:345,26,1,0
BRDA:356,27,0,0
BRDA:356,27,1,0
BRDA:389,28,0,0
BRDA:389,28,1,0
BRDA:396,29,0,0
BRDA:396,29,1,0
BRDA:403,30,0,0
BRDA:403,30,1,0
BRDA:418,31,0,0
BRDA:418,31,1,0
BRDA:436,32,0,0
BRDA:436,32,1,0
BRDA:456,33,0,0
BRDA:456,33,1,0
BRDA:461,34,0,0
BRDA:461,34,1,0
BRDA:479,35,0,0
BRDA:479,35,1,0
BRDA:482,36,0,0
BRDA:482,36,1,0
BRDA:502,37,0,0
BRDA:502,37,1,0
BRDA:506,38,0,0
BRDA:506,38,1,0
BRDA:508,39,0,0
BRDA:508,39,1,0
BRDA:523,40,0,0
BRDA:523,40,1,0
BRDA:547,41,0,0
BRDA:547,41,1,0
BRDA:552,42,0,0
BRDA:552,42,1,0
BRDA:564,43,0,0
BRDA:564,43,1,0
BRDA:584,44,0,0
BRDA:584,44,1,0
BRDA:587,45,0,0
BRDA:587,45,1,0
BRDA:591,46,0,0
BRDA:591,46,1,0
BRDA:592,47,0,0
BRDA:592,47,1,0
BRDA:599,48,0,0
BRDA:599,48,1,0
BRDA:603,49,0,0
BRDA:603,49,1,0
BRDA:615,50,0,0
BRDA:615,50,1,0
BRDA:644,51,0,0
BRDA:644,51,1,0
BRDA:647,52,0,0
BRDA:647,52,1,0
BRDA:654,53,0,0
BRDA:654,53,1,0
BRDA:667,54,0,0
BRDA:667,54,1,0
BRDA:683,55,0,0
BRDA:683,55,1,0
BRDA:686,56,0,0
BRDA:686,56,1,0
BRF:114
BRH:8
end_of_record
TN:
SF:src/handlers/star_handler.js
FN:28,GETStars
FNF:1
FNH:0
FNDA:0,GETStars
DA:10,1
DA:11,1
DA:12,1
DA:13,1
DA:30,0
DA:33,0
DA:35,0
DA:36,0
DA:37,0
DA:38,0
DA:39,0
DA:41,0
DA:44,0
DA:48,1
LF:14
LH:5
BRDA:35,0,0,0
BRDA:35,0,1,0
BRDA:37,1,0,0
BRDA:37,1,1,0
BRF:4
BRH:0
end_of_record
TN:
SF:src/handlers/theme_handler.js
FN:3,GETThemeFeatured
FNF:1
FNH:0
FNDA:0,GETThemeFeatured
DA:1,1
DA:17,0
DA:20,1
LF:3
LH:2
BRF:0
BRH:0
end_of_record
TN:
SF:src/handlers/update_handler.js
FN:3,GETUpdates
FNF:1
FNH:0
FNDA:0,GETUpdates
DA:1,1
DA:6,0
DA:9,1
LF:3
LH:2
BRF:0
BRH:0
end_of_record
TN:
SF:src/handlers/user_handler.js
FN:32,GETLoginStars
FNF:1
FNH:0
FNDA:0,GETLoginStars
DA:11,1
DA:12,1
DA:13,1
DA:14,1
DA:15,1
DA:34,0
DA:37,0
DA:39,0
DA:40,0
DA:42,0
DA:43,0
DA:45,0
DA:46,0
DA:48,0
DA:51,0
DA:52,0
DA:54,0
DA:59,1
LF:18
LH:6
BRDA:39,0,0,0
BRDA:39,0,1,0
BRDA:42,1,0,0
BRDA:42,1,1,0
BRDA:51,2,0,0
BRDA:51,2,1,0
BRF:6
BRH:0
end_of_record
