TN:
SF:src/collection.js
FN:22,Sort
FN:28,(anonymous_1)
FN:40,(anonymous_2)
FN:52,(anonymous_3)
FN:64,(anonymous_4)
FN:76,(anonymous_5)
FN:109,Direction
FN:129,POFPrune
FN:159,POSPrune
FN:197,SearchWithinPackages
FN:237,EngineFilter
FN:302,DeepCopy
FNF:12
FNH:7
FNDA:5,Sort
FNDA:6,(anonymous_1)
FNDA:0,(anonymous_2)
FNDA:0,(anonymous_3)
FNDA:0,(anonymous_4)
FNDA:0,(anonymous_5)
FNDA:8,Direction
FNDA:4,POFPrune
FNDA:3,POSPrune
FNDA:0,SearchWithinPackages
FNDA:1,EngineFilter
FNDA:195,DeepCopy
DA:7,2
DA:8,2
DA:9,2
DA:27,5
DA:28,5
DA:29,6
DA:30,4
DA:32,2
DA:33,2
DA:35,0
DA:38,5
DA:39,0
DA:40,0
DA:41,0
DA:42,0
DA:44,0
DA:45,0
DA:47,0
DA:50,0
DA:51,0
DA:52,0
DA:53,0
DA:54,0
DA:56,0
DA:57,0
DA:59,0
DA:62,0
DA:63,0
DA:64,0
DA:65,0
DA:66,0
DA:68,0
DA:69,0
DA:71,0
DA:74,0
DA:75,0
DA:76,0
DA:77,0
DA:78,0
DA:80,0
DA:81,0
DA:83,0
DA:86,0
DA:88,0
DA:93,0
DA:111,8
DA:113,5
DA:114,3
DA:118,2
DA:120,1
DA:125,1
DA:140,4
DA:141,0
DA:142,0
DA:143,0
DA:144,0
DA:146,0
DA:151,4
DA:152,4
DA:153,4
DA:155,4
DA:170,3
DA:171,3
DA:173,3
DA:174,3
DA:175,3
DA:177,3
DA:179,0
DA:183,3
DA:185,3
DA:188,0
DA:189,0
DA:190,0
DA:191,0
DA:193,0
DA:208,0
DA:212,0
DA:213,0
DA:216,0
DA:217,0
DA:218,0
DA:219,0
DA:224,0
DA:225,0
DA:226,0
DA:227,0
DA:229,0
DA:231,0
DA:241,1
DA:242,1
DA:243,0
DA:248,0
DA:250,0
DA:251,0
DA:253,0
DA:255,0
DA:274,0
DA:284,0
DA:285,0
DA:291,0
DA:293,0
DA:294,0
DA:298,0
DA:312,195
DA:313,127
DA:316,68
DA:318,68
DA:319,184
DA:321,184
DA:324,68
DA:327,2
LF:111
LH:39
BRDA:27,0,0,5
BRDA:27,0,1,0
BRDA:29,1,0,4
BRDA:29,1,1,2
BRDA:32,2,0,2
BRDA:32,2,1,0
BRDA:39,3,0,0
BRDA:39,3,1,0
BRDA:41,4,0,0
BRDA:41,4,1,0
BRDA:44,5,0,0
BRDA:44,5,1,0
BRDA:51,6,0,0
BRDA:51,6,1,0
BRDA:53,7,0,0
BRDA:53,7,1,0
BRDA:56,8,0,0
BRDA:56,8,1,0
BRDA:63,9,0,0
BRDA:63,9,1,0
BRDA:65,10,0,0
BRDA:65,10,1,0
BRDA:68,11,0,0
BRDA:68,11,1,0
BRDA:75,12,0,0
BRDA:75,12,1,0
BRDA:77,13,0,0
BRDA:77,13,1,0
BRDA:80,14,0,0
BRDA:80,14,1,0
BRDA:111,15,0,5
BRDA:111,15,1,3
BRDA:114,16,0,2
BRDA:114,16,1,1
BRDA:140,17,0,0
BRDA:140,17,1,4
BRDA:170,18,0,3
BRDA:170,18,1,0
BRDA:177,19,0,0
BRDA:177,19,1,3
BRDA:200,20,0,0
BRDA:208,21,0,0
BRDA:208,21,1,0
BRDA:217,22,0,0
BRDA:217,22,1,0
BRDA:225,23,0,0
BRDA:225,23,1,0
BRDA:251,24,0,0
BRDA:251,24,1,0
BRDA:274,25,0,0
BRDA:274,25,1,0
BRDA:275,26,0,0
BRDA:275,26,1,0
BRDA:275,26,2,0
BRDA:275,26,3,0
BRDA:275,26,4,0
BRDA:275,26,5,0
BRDA:291,27,0,0
BRDA:291,27,1,0
BRDA:312,28,0,127
BRDA:312,28,1,68
BRDA:312,29,0,195
BRDA:312,29,1,68
BRDA:316,30,0,12
BRDA:316,30,1,56
BRF:65
BRH:17
end_of_record
TN:
SF:src/config.js
FN:17,GetConfig
FNF:1
FNH:1
FNDA:11,GetConfig
DA:6,4
DA:7,4
DA:18,11
DA:20,11
DA:21,11
DA:22,0
DA:25,11
DA:29,0
DA:30,0
DA:34,11
DA:44,11
DA:83,0
DA:84,0
DA:88,4
LF:14
LH:9
BRDA:25,0,0,0
BRDA:25,0,1,11
BRDA:26,1,0,11
BRDA:26,1,1,11
BRDA:45,2,0,11
BRDA:45,2,1,0
BRDA:46,3,0,11
BRDA:46,3,1,0
BRDA:49,4,0,11
BRDA:49,4,1,0
BRDA:52,5,0,11
BRDA:52,5,1,0
BRDA:55,6,0,0
BRDA:55,6,1,11
BRDA:56,7,0,11
BRDA:56,7,1,0
BRDA:59,8,0,11
BRDA:59,8,1,0
BRDA:62,9,0,11
BRDA:62,9,1,0
BRDA:65,10,0,0
BRDA:65,10,1,11
BRDA:68,11,0,0
BRDA:68,11,1,11
BRDA:71,12,0,0
BRDA:71,12,1,11
BRDA:74,13,0,0
BRDA:74,13,1,11
BRDA:77,14,0,0
BRDA:77,14,1,11
BRF:30
BRH:16
end_of_record
TN:
SF:src/data.js
FN:23,Shutdown
FN:82,GetUsers
FN:83,(anonymous_2)
FN:135,GetPackagePointer
FN:136,(anonymous_4)
FN:180,GetAllPackages
FN:181,(anonymous_6)
FN:248,GetPackageByID
FN:257,SetUsers
FN:272,SetPackagePointer
FN:283,SetPackageByID
FN:287,RemovePackageByPointer
FN:300,RestorePackageByPointer
FN:320,RemovePackageByName
FN:373,GetPackageByName
FN:394,GetPackagePointerByName
FN:409,GetPackageCollection
FN:434,StarPackageByName
FN:465,UnStarPackageByName
FN:509,SetPackageByName
FN:533,NewPackage
FNF:21
FNH:9
FNDA:0,Shutdown
FNDA:15,GetUsers
FNDA:2,(anonymous_2)
FNDA:3,GetPackagePointer
FNDA:1,(anonymous_4)
FNDA:3,GetAllPackages
FNDA:1,(anonymous_6)
FNDA:2,GetPackageByID
FNDA:2,SetUsers
FNDA:0,SetPackagePointer
FNDA:0,SetPackageByID
FNDA:0,RemovePackageByPointer
FNDA:0,RestorePackageByPointer
FNDA:0,RemovePackageByName
FNDA:2,GetPackageByName
FNDA:0,GetPackagePointerByName
FNDA:0,GetPackageCollection
FNDA:0,StarPackageByName
FNDA:0,UnStarPackageByName
FNDA:0,SetPackageByName
FNDA:0,NewPackage
DA:8,2
DA:9,2
DA:10,2
DA:14,2
DA:24,0
DA:26,0
DA:27,0
DA:28,0
DA:31,0
DA:32,0
DA:36,0
DA:39,0
DA:40,0
DA:41,0
DA:42,0
DA:43,0
DA:47,0
DA:50,0
DA:51,0
DA:52,0
DA:53,0
DA:54,0
DA:55,0
DA:56,0
DA:58,0
DA:63,0
DA:83,15
DA:84,2
DA:85,2
DA:86,2
DA:87,2
DA:89,0
DA:93,15
DA:94,2
DA:96,2
DA:100,13
DA:102,0
DA:104,0
DA:105,0
DA:106,0
DA:107,0
DA:109,0
DA:112,0
DA:116,0
DA:119,13
DA:121,13
DA:136,3
DA:137,1
DA:138,1
DA:139,1
DA:140,1
DA:142,0
DA:146,3
DA:148,1
DA:149,1
DA:152,2
DA:153,0
DA:154,0
DA:156,2
DA:157,2
DA:181,3
DA:182,1
DA:183,1
DA:184,0
DA:186,1
DA:187,1
DA:188,1
DA:189,1
DA:190,1
DA:194,0
DA:195,0
DA:197,0
DA:206,1
DA:210,3
DA:211,1
DA:212,1
DA:213,1
DA:214,1
DA:215,1
DA:216,1
DA:218,0
DA:222,2
DA:223,0
DA:224,0
DA:225,0
DA:226,0
DA:227,0
DA:228,0
DA:230,0
DA:233,2
DA:234,2
DA:249,2
DA:250,2
DA:251,2
DA:253,0
DA:259,2
DA:263,0
DA:266,2
DA:267,2
DA:268,2
DA:273,0
DA:275,0
DA:277,0
DA:278,0
DA:279,0
DA:284,0
DA:288,0
DA:289,0
DA:294,0
DA:296,0
DA:301,0
DA:302,0
DA:303,0
DA:304,0
DA:308,0
DA:309,0
DA:315,0
DA:316,0
DA:321,0
DA:323,0
DA:324,0
DA:325,0
DA:327,0
DA:329,0
DA:331,0
DA:333,0
DA:335,0
DA:337,0
DA:338,0
DA:342,0
DA:344,0
DA:346,0
DA:353,0
DA:363,0
DA:366,0
DA:369,0
DA:374,2
DA:376,2
DA:377,0
DA:380,2
DA:382,1
DA:383,1
DA:384,1
DA:386,0
DA:389,1
DA:395,0
DA:397,0
DA:398,0
DA:400,0
DA:402,0
DA:404,0
DA:410,0
DA:412,0
DA:413,0
DA:414,0
DA:415,0
DA:419,0
DA:421,0
DA:423,0
DA:431,0
DA:438,0
DA:440,0
DA:442,0
DA:444,0
DA:446,0
DA:448,0
DA:450,0
DA:452,0
DA:455,0
DA:458,0
DA:461,0
DA:466,0
DA:468,0
DA:469,0
DA:471,0
DA:473,0
DA:474,0
DA:475,0
DA:476,0
DA:478,0
DA:483,0
DA:485,0
DA:488,0
DA:490,0
DA:492,0
DA:495,0
DA:499,0
DA:502,0
DA:505,0
DA:510,0
DA:512,0
DA:513,0
DA:514,0
DA:516,0
DA:517,0
DA:519,0
DA:522,0
DA:529,0
DA:539,0
DA:541,0
DA:543,0
DA:544,0
DA:545,0
DA:547,0
DA:549,0
DA:551,0
DA:552,0
DA:556,0
DA:557,0
DA:559,0
DA:560,0
DA:567,0
DA:575,0
DA:578,0
DA:582,2
LF:215
LH:60
BRDA:26,0,0,0
BRDA:26,0,1,0
BRDA:27,1,0,0
BRDA:27,1,1,0
BRDA:33,2,0,0
BRDA:33,2,1,0
BRDA:39,3,0,0
BRDA:39,3,1,0
BRDA:40,4,0,0
BRDA:40,4,1,0
BRDA:44,5,0,0
BRDA:44,5,1,0
BRDA:50,6,0,0
BRDA:50,6,1,0
BRDA:53,7,0,0
BRDA:53,7,1,0
BRDA:55,8,0,0
BRDA:55,8,1,0
BRDA:85,9,0,2
BRDA:85,9,1,0
BRDA:93,10,0,2
BRDA:93,10,1,13
BRDA:100,11,0,0
BRDA:100,11,1,13
BRDA:104,12,0,0
BRDA:104,12,1,0
BRDA:107,13,0,0
BRDA:107,13,1,0
BRDA:138,14,0,1
BRDA:138,14,1,0
BRDA:146,15,0,1
BRDA:146,15,1,2
BRDA:152,16,0,0
BRDA:152,16,1,2
BRDA:183,17,0,0
BRDA:183,17,1,1
BRDA:189,18,0,1
BRDA:189,18,1,0
BRDA:194,19,0,0
BRDA:194,19,1,0
BRDA:210,20,0,1
BRDA:210,20,1,2
BRDA:213,21,0,1
BRDA:213,21,1,0
BRDA:222,22,0,0
BRDA:222,22,1,2
BRDA:225,23,0,0
BRDA:225,23,1,0
BRDA:250,24,0,2
BRDA:250,24,1,0
BRDA:259,25,0,0
BRDA:259,25,1,2
BRDA:273,26,0,0
BRDA:273,26,1,0
BRDA:303,27,0,0
BRDA:303,27,1,0
BRDA:308,28,0,0
BRDA:308,28,1,0
BRDA:323,29,0,0
BRDA:323,29,1,0
BRDA:324,30,0,0
BRDA:324,30,1,0
BRDA:333,31,0,0
BRDA:333,31,1,0
BRDA:337,32,0,0
BRDA:337,32,1,0
BRDA:344,33,0,0
BRDA:344,33,1,0
BRDA:376,34,0,0
BRDA:376,34,1,2
BRDA:380,35,0,1
BRDA:380,35,1,1
BRDA:383,36,0,1
BRDA:383,36,1,0
BRDA:397,37,0,0
BRDA:397,37,1,0
BRDA:400,38,0,0
BRDA:400,38,1,0
BRDA:414,39,0,0
BRDA:414,39,1,0
BRDA:419,40,0,0
BRDA:419,40,1,0
BRDA:440,41,0,0
BRDA:440,41,1,0
BRDA:444,42,0,0
BRDA:444,42,1,0
BRDA:450,43,0,0
BRDA:450,43,1,0
BRDA:468,44,0,0
BRDA:468,44,1,0
BRDA:471,45,0,0
BRDA:471,45,1,0
BRDA:475,46,0,0
BRDA:475,46,1,0
BRDA:483,47,0,0
BRDA:483,47,1,0
BRDA:490,48,0,0
BRDA:490,48,1,0
BRDA:512,49,0,0
BRDA:512,49,1,0
BRDA:513,50,0,0
BRDA:513,50,1,0
BRDA:516,51,0,0
BRDA:516,51,1,0
BRDA:543,52,0,0
BRDA:543,52,1,0
BRDA:547,53,0,0
BRDA:547,53,1,0
BRDA:551,54,0,0
BRDA:551,54,1,0
BRDA:559,55,0,0
BRDA:559,55,1,0
BRF:112
BRH:20
end_of_record
TN:
SF:src/error.js
FN:17,NotFoundJSON
FN:30,SiteWide404
FN:44,MissingAuthJSON
FN:59,ServerErrorJSON
FN:71,PublishPackageExists
FN:85,UnsupportedJSON
FNF:6
FNH:6
FNDA:4,NotFoundJSON
FNDA:3,SiteWide404
FNDA:4,MissingAuthJSON
FNDA:4,ServerErrorJSON
FNDA:2,PublishPackageExists
FNDA:3,UnsupportedJSON
DA:18,4
DA:31,3
DA:45,4
DA:60,4
DA:72,2
DA:87,3
DA:92,3
LF:7
LH:7
BRF:0
BRH:0
end_of_record
TN:
SF:src/git.js
FN:22,VerifyAuth
FN:37,Ownership
FN:52,CreatePackage
FN:90,getRepoExistance
FN:111,getPackageJSON
FN:139,getRepoTags
FNF:6
FNH:0
FNDA:0,VerifyAuth
FNDA:0,Ownership
FNDA:0,CreatePackage
FNDA:0,getRepoExistance
FNDA:0,getPackageJSON
FNDA:0,getRepoTags
DA:6,1
DA:7,1
DA:8,1
DA:10,1
DA:25,0
DA:41,0
DA:53,0
DA:55,0
DA:57,0
DA:59,0
DA:65,0
DA:67,0
DA:68,0
DA:74,0
DA:76,0
DA:77,0
DA:91,0
DA:92,0
DA:96,0
DA:97,0
DA:98,0
DA:99,0
DA:102,0
DA:107,0
DA:112,0
DA:113,0
DA:117,0
DA:118,0
DA:122,0
DA:127,0
DA:130,0
DA:135,0
DA:140,0
DA:141,0
DA:145,0
DA:146,0
DA:148,0
DA:153,0
DA:156,0
DA:161,0
DA:165,1
LF:41
LH:5
BRDA:57,0,0,0
BRDA:57,0,1,0
BRDA:67,1,0,0
BRDA:67,1,1,0
BRDA:76,2,0,0
BRDA:76,2,1,0
BRDA:96,3,0,0
BRDA:96,3,1,0
BRDA:98,4,0,0
BRDA:98,4,1,0
BRDA:117,5,0,0
BRDA:117,5,1,0
BRDA:145,6,0,0
BRDA:145,6,1,0
BRF:14
BRH:0
end_of_record
TN:
SF:src/logger.js
FN:18,HTTPLog
FN:38,ErrorLog
FN:58,WarningLog
FN:76,InfoLog
FN:88,DebugLog
FNF:5
FNH:4
FNDA:11,HTTPLog
FNDA:2,ErrorLog
FNDA:1,WarningLog
FNDA:0,InfoLog
FNDA:21,DebugLog
DA:8,4
DA:19,11
DA:20,11
DA:21,11
DA:40,2
DA:41,2
DA:59,1
DA:60,1
DA:62,0
DA:63,0
DA:77,0
DA:89,21
DA:90,21
DA:94,4
LF:14
LH:11
BRDA:59,0,0,1
BRDA:59,0,1,0
BRDA:59,1,0,1
BRDA:59,1,1,1
BRDA:59,1,2,1
BRDA:59,1,3,0
BRDA:89,2,0,21
BRDA:89,2,1,0
BRF:8
BRH:5
end_of_record
TN:
SF:src/main.js
FN:24,(anonymous_0)
FN:30,(anonymous_1)
FN:44,(anonymous_2)
FN:56,(anonymous_3)
FN:94,(anonymous_4)
FN:131,(anonymous_5)
FN:146,(anonymous_6)
FN:190,(anonymous_7)
FN:218,(anonymous_8)
FN:256,(anonymous_9)
FN:284,(anonymous_10)
FN:311,(anonymous_11)
FN:331,(anonymous_12)
FN:372,(anonymous_13)
FN:399,(anonymous_14)
FN:430,(anonymous_15)
FN:463,(anonymous_16)
FN:496,(anonymous_17)
FN:512,(anonymous_18)
FN:535,(anonymous_19)
FN:557,(anonymous_20)
FN:572,(anonymous_21)
FN:576,(anonymous_22)
FNF:23
FNH:4
FNDA:6,(anonymous_0)
FNDA:0,(anonymous_1)
FNDA:0,(anonymous_2)
FNDA:0,(anonymous_3)
FNDA:3,(anonymous_4)
FNDA:0,(anonymous_5)
FNDA:0,(anonymous_6)
FNDA:0,(anonymous_7)
FNDA:2,(anonymous_8)
FNDA:1,(anonymous_9)
FNDA:0,(anonymous_10)
FNDA:0,(anonymous_11)
FNDA:0,(anonymous_12)
FNDA:0,(anonymous_13)
FNDA:0,(anonymous_14)
FNDA:0,(anonymous_15)
FNDA:0,(anonymous_16)
FNDA:0,(anonymous_17)
FNDA:0,(anonymous_18)
FNDA:0,(anonymous_19)
FNDA:0,(anonymous_20)
FNDA:0,(anonymous_21)
FNDA:0,(anonymous_22)
DA:13,1
DA:14,1
DA:16,1
DA:17,1
DA:18,1
DA:19,1
DA:20,1
DA:21,1
DA:22,1
DA:24,1
DA:26,6
DA:27,6
DA:30,1
DA:33,0
DA:44,1
DA:45,0
DA:56,1
DA:57,0
DA:94,1
DA:95,3
DA:131,1
DA:132,0
DA:146,1
DA:147,0
DA:190,1
DA:191,0
DA:218,1
DA:219,2
DA:256,1
DA:257,1
DA:284,1
DA:285,0
DA:311,1
DA:312,0
DA:331,1
DA:332,0
DA:372,1
DA:373,0
DA:397,1
DA:400,0
DA:428,1
DA:431,0
DA:461,1
DA:464,0
DA:494,1
DA:497,0
DA:512,1
DA:513,0
DA:535,1
DA:536,0
DA:557,1
DA:558,0
DA:572,1
DA:573,0
DA:576,1
DA:579,0
DA:582,1
LF:57
LH:38
BRF:0
BRH:0
end_of_record
TN:
SF:src/query.js
FN:18,page
FN:38,sort
FN:60,dir
FN:87,query
FN:119,engine
FN:144,repo
FN:168,tag
FN:181,rename
FN:206,pathTraversalAttempt
FNF:9
FNH:9
FNDA:7,page
FNDA:6,sort
FNDA:12,dir
FNDA:3,query
FNDA:4,engine
FNDA:3,repo
FNDA:2,tag
FNDA:6,rename
FNDA:2,pathTraversalAttempt
DA:19,7
DA:20,7
DA:22,7
DA:23,4
DA:27,3
DA:42,6
DA:43,6
DA:45,6
DA:46,4
DA:49,2
DA:61,12
DA:62,12
DA:63,12
DA:65,12
DA:68,9
DA:70,9
DA:71,5
DA:73,4
DA:76,3
DA:88,3
DA:90,3
DA:92,3
DA:93,1
DA:96,2
DA:97,2
DA:100,2
DA:102,1
DA:105,1
DA:109,0
DA:120,4
DA:122,4
DA:123,2
DA:132,2
DA:135,2
DA:145,3
DA:147,3
DA:148,1
DA:151,2
DA:159,2
DA:169,2
DA:171,2
DA:182,6
DA:184,6
DA:186,1
DA:189,5
DA:190,2
DA:191,3
DA:192,2
DA:194,1
DA:212,2
DA:214,2
DA:215,4
DA:216,1
DA:219,1
DA:222,2
LF:55
LH:54
BRDA:22,0,0,4
BRDA:22,0,1,3
BRDA:27,1,0,2
BRDA:27,1,1,1
BRDA:38,2,0,6
BRDA:45,3,0,4
BRDA:45,3,1,2
BRDA:49,4,0,1
BRDA:49,4,1,1
BRDA:65,5,0,9
BRDA:65,5,1,3
BRDA:70,6,0,5
BRDA:70,6,1,4
BRDA:73,7,0,3
BRDA:73,7,1,1
BRDA:76,8,0,2
BRDA:76,8,1,1
BRDA:92,9,0,1
BRDA:92,9,1,2
BRDA:100,10,0,1
BRDA:100,10,1,1
BRDA:122,11,0,2
BRDA:122,11,1,2
BRDA:135,12,0,1
BRDA:135,12,1,1
BRDA:147,13,0,1
BRDA:147,13,1,2
BRDA:159,14,0,1
BRDA:159,14,1,1
BRDA:171,15,0,1
BRDA:171,15,1,1
BRDA:184,16,0,1
BRDA:184,16,1,5
BRDA:189,17,0,2
BRDA:189,17,1,3
BRDA:189,18,0,5
BRDA:189,18,1,4
BRDA:191,19,0,2
BRDA:191,19,1,1
BRDA:191,20,0,3
BRDA:191,20,1,2
BRDA:215,21,0,1
BRDA:215,21,1,3
BRF:43
BRH:43
end_of_record
TN:
SF:src/resources.js
FN:23,(anonymous_0)
FN:31,(anonymous_1)
FN:34,(anonymous_2)
FN:51,Read
FN:86,readFile
FN:128,Write
FN:150,writeFile
FN:186,Delete
FNF:8
FNH:5
FNDA:4,(anonymous_0)
FNDA:17,(anonymous_1)
FNDA:2,(anonymous_2)
FNDA:5,Read
FNDA:5,readFile
FNDA:0,Write
FNDA:0,writeFile
FNDA:0,Delete
DA:9,2
DA:10,2
DA:12,2
DA:24,4
DA:25,4
DA:26,4
DA:27,4
DA:28,4
DA:29,4
DA:32,17
DA:35,2
DA:52,5
DA:53,2
DA:54,2
DA:57,2
DA:58,2
DA:59,2
DA:62,0
DA:64,3
DA:65,1
DA:66,1
DA:67,1
DA:68,1
DA:69,1
DA:71,0
DA:73,2
DA:74,2
DA:87,5
DA:88,5
DA:89,5
DA:90,5
DA:92,0
DA:93,0
DA:95,0
DA:98,0
DA:100,0
DA:101,0
DA:105,0
DA:106,0
DA:107,0
DA:109,0
DA:112,0
DA:113,0
DA:129,0
DA:130,0
DA:131,0
DA:132,0
DA:136,0
DA:137,0
DA:151,0
DA:152,0
DA:153,0
DA:154,0
DA:156,0
DA:158,0
DA:160,0
DA:161,0
DA:165,0
DA:166,0
DA:167,0
DA:169,0
DA:172,0
DA:173,0
DA:189,0
DA:190,0
DA:191,0
DA:193,0
DA:194,0
DA:196,0
DA:199,0
DA:201,0
DA:202,0
DA:203,0
DA:205,0
DA:206,0
DA:207,0
DA:209,0
DA:212,0
DA:213,0
DA:217,2
LF:80
LH:30
BRDA:52,0,0,2
BRDA:52,0,1,3
BRDA:54,1,0,2
BRDA:54,1,1,0
BRDA:64,2,0,1
BRDA:64,2,1,2
BRDA:66,3,0,1
BRDA:66,3,1,0
BRDA:73,4,0,2
BRDA:73,4,1,0
BRDA:87,5,0,5
BRDA:87,5,1,0
BRDA:92,6,0,0
BRDA:92,6,1,0
BRDA:98,7,0,0
BRDA:98,7,1,0
BRDA:100,8,0,0
BRDA:100,8,1,0
BRDA:129,9,0,0
BRDA:129,9,1,0
BRDA:131,10,0,0
BRDA:131,10,1,0
BRDA:136,11,0,0
BRDA:136,11,1,0
BRDA:151,12,0,0
BRDA:151,12,1,0
BRDA:158,13,0,0
BRDA:158,13,1,0
BRDA:160,14,0,0
BRDA:160,14,1,0
BRDA:189,15,0,0
BRDA:189,15,1,0
BRDA:193,16,0,0
BRDA:193,16,1,0
BRDA:201,17,0,0
BRDA:201,17,1,0
BRDA:202,18,0,0
BRDA:202,18,1,0
BRF:38
BRH:8
end_of_record
TN:
SF:src/search.js
FN:18,levenshtein
FN:30,vlSimilarity
FN:54,vlEditDistance
FN:92,levenshteinWSDM
FN:117,(anonymous_4)
FN:121,(anonymous_5)
FN:136,lcs
FN:143,(anonymous_7)
FN:173,lcsTraceBack
FNF:9
FNH:0
FNDA:0,levenshtein
FNDA:0,vlSimilarity
FNDA:0,vlEditDistance
FNDA:0,levenshteinWSDM
FNDA:0,(anonymous_4)
FNDA:0,(anonymous_5)
FNDA:0,lcs
FNDA:0,(anonymous_7)
FNDA:0,lcsTraceBack
DA:19,0
DA:31,0
DA:32,0
DA:33,0
DA:34,0
DA:35,0
DA:37,0
DA:38,0
DA:39,0
DA:41,0
DA:55,0
DA:56,0
DA:58,0
DA:59,0
DA:60,0
DA:61,0
DA:62,0
DA:63,0
DA:65,0
DA:66,0
DA:67,0
DA:68,0
DA:70,0
DA:71,0
DA:75,0
DA:76,0
DA:79,0
DA:105,0
DA:106,0
DA:107,0
DA:108,0
DA:110,0
DA:111,0
DA:112,0
DA:113,0
DA:114,0
DA:116,0
DA:117,0
DA:121,0
DA:139,0
DA:140,0
DA:141,0
DA:143,0
DA:145,0
DA:146,0
DA:147,0
DA:148,0
DA:150,0
DA:155,0
DA:159,0
DA:174,0
DA:175,0
DA:177,0
DA:178,0
DA:183,0
DA:184,0
DA:186,0
DA:189,2
LF:58
LH:1
BRDA:33,0,0,0
BRDA:33,0,1,0
BRDA:38,1,0,0
BRDA:38,1,1,0
BRDA:62,2,0,0
BRDA:62,2,1,0
BRDA:65,3,0,0
BRDA:65,3,1,0
BRDA:67,4,0,0
BRDA:67,4,1,0
BRDA:75,5,0,0
BRDA:75,5,1,0
BRDA:117,6,0,0
BRDA:117,6,1,0
BRDA:117,7,0,0
BRDA:117,7,1,0
BRDA:147,8,0,0
BRDA:147,8,1,0
BRDA:174,9,0,0
BRDA:174,9,1,0
BRDA:174,10,0,0
BRDA:174,10,1,0
BRDA:177,11,0,0
BRDA:177,11,1,0
BRDA:180,12,0,0
BRDA:180,12,1,0
BRDA:183,13,0,0
BRDA:183,13,1,0
BRF:28
BRH:0
end_of_record
TN:
SF:src/users.js
FN:21,VerifyAuth
FN:48,GetUser
FN:74,AddUserStar
FN:116,RemoveUserStar
FN:162,Prune
FNF:5
FNH:5
FNDA:4,VerifyAuth
FNDA:9,GetUser
FNDA:1,AddUserStar
FNDA:1,RemoveUserStar
FNDA:3,Prune
DA:8,2
DA:22,4
DA:23,4
DA:24,4
DA:25,7
DA:27,7
DA:28,4
DA:29,1
DA:33,3
DA:35,0
DA:49,9
DA:50,9
DA:51,9
DA:53,8
DA:56,1
DA:59,0
DA:76,1
DA:78,1
DA:80,1
DA:84,1
DA:85,1
DA:86,1
DA:89,1
DA:91,1
DA:92,1
DA:94,0
DA:98,0
DA:101,0
DA:117,1
DA:119,1
DA:121,1
DA:122,1
DA:123,3
DA:124,1
DA:125,1
DA:128,1
DA:130,1
DA:134,1
DA:135,1
DA:136,1
DA:137,1
DA:138,1
DA:139,1
DA:141,0
DA:144,0
DA:148,0
DA:151,0
DA:170,3
DA:172,3
DA:174,3
DA:177,3
DA:180,2
LF:52
LH:43
BRDA:23,0,0,4
BRDA:23,0,1,0
BRDA:27,1,0,4
BRDA:27,1,1,3
BRDA:28,2,0,1
BRDA:28,2,1,3
BRDA:50,3,0,9
BRDA:50,3,1,0
BRDA:51,4,0,8
BRDA:51,4,1,1
BRDA:78,5,0,1
BRDA:78,5,1,0
BRDA:85,6,0,1
BRDA:85,6,1,0
BRDA:91,7,0,1
BRDA:91,7,1,0
BRDA:119,8,0,1
BRDA:119,8,1,0
BRDA:123,9,0,1
BRDA:123,9,1,2
BRDA:128,10,0,1
BRDA:128,10,1,0
BRDA:135,11,0,1
BRDA:135,11,1,0
BRDA:138,12,0,1
BRDA:138,12,1,0
BRF:26
BRH:17
end_of_record
TN:
SF:src/handlers/common_handler.js
FN:26,AuthFail
FN:48,ServerError
FN:63,NotFound
FN:77,NotSupported
FN:91,SiteWideNotFound
FNF:5
FNH:5
FNDA:3,AuthFail
FNDA:1,ServerError
FNDA:2,NotFound
FNDA:1,NotSupported
FNDA:1,SiteWideNotFound
DA:10,2
DA:11,2
DA:27,3
DA:28,2
DA:29,2
DA:31,1
DA:32,1
DA:33,1
DA:49,1
DA:50,1
DA:51,1
DA:64,2
DA:65,2
DA:78,1
DA:79,1
DA:92,1
DA:93,1
DA:96,2
LF:18
LH:18
BRDA:27,0,0,2
BRDA:27,0,1,1
BRF:2
BRH:2
end_of_record
TN:
SF:src/handlers/oauth_handler.js
FN:2,GETLogin
FN:17,GETOauth
FNF:2
FNH:0
FNDA:0,GETLogin
FNDA:0,GETOauth
DA:1,1
DA:10,0
DA:19,1
LF:3
LH:2
BRF:0
BRH:0
end_of_record
TN:
SF:src/handlers/package_handler.js
FN:11,GETPackages
FN:69,POSTPackages
FN:156,GETPackagesFeatured
FN:172,GETPackagesSearch
FN:228,GETPackagesDetails
FN:254,DELETEPackagesName
FN:290,POSTPackagesStar
FN:345,DELETEPackagesStar
FN:413,GETPackagesStargazers
FN:433,POSTPackagesVersion
FN:458,GETPackagesVersion
FN:499,GETPackagesVersionTarball
FN:509,DELETEPackageVersion
FN:564,POSTPackagesEventUninstall
FN:576,(anonymous_14)
FN:598,DetermineUserPackagePermission
FN:608,DetermineUserPackageGitPermission
FNF:17
FNH:3
FNDA:3,GETPackages
FNDA:0,POSTPackages
FNDA:0,GETPackagesFeatured
FNDA:0,GETPackagesSearch
FNDA:2,GETPackagesDetails
FNDA:1,DELETEPackagesName
FNDA:0,POSTPackagesStar
FNDA:0,DELETEPackagesStar
FNDA:0,GETPackagesStargazers
FNDA:0,POSTPackagesVersion
FNDA:0,GETPackagesVersion
FNDA:0,GETPackagesVersionTarball
FNDA:0,DELETEPackageVersion
FNDA:0,POSTPackagesEventUninstall
FNDA:0,(anonymous_14)
FNDA:0,DetermineUserPackagePermission
FNDA:0,DetermineUserPackageGitPermission
DA:1,1
DA:2,1
DA:3,1
DA:4,1
DA:5,1
DA:6,1
DA:7,1
DA:8,1
DA:9,1
DA:13,3
DA:19,3
DA:21,3
DA:26,3
DA:28,3
DA:29,3
DA:31,3
DA:32,3
DA:33,0
DA:35,3
DA:36,0
DA:42,3
DA:47,3
DA:62,3
DA:63,3
DA:65,0
DA:71,0
DA:76,0
DA:79,0
DA:80,0
DA:81,0
DA:85,0
DA:87,0
DA:88,0
DA:97,0
DA:99,0
DA:101,0
DA:102,0
DA:103,0
DA:107,0
DA:109,0
DA:110,0
DA:114,0
DA:116,0
DA:120,0
DA:121,0
DA:125,0
DA:127,0
DA:130,0
DA:131,0
DA:135,0
DA:137,0
DA:138,0
DA:139,0
DA:144,0
DA:146,0
DA:148,0
DA:149,0
DA:152,0
DA:153,0
DA:169,0
DA:174,0
DA:181,0
DA:183,0
DA:184,0
DA:185,0
DA:186,0
DA:187,0
DA:189,0
DA:190,0
DA:191,0
DA:193,0
DA:194,0
DA:200,0
DA:204,0
DA:221,0
DA:222,0
DA:224,0
DA:230,2
DA:234,2
DA:236,2
DA:238,1
DA:239,1
DA:240,1
DA:241,1
DA:243,0
DA:244,0
DA:246,1
DA:247,1
DA:248,0
DA:249,0
DA:256,1
DA:260,1
DA:262,1
DA:263,0
DA:265,0
DA:268,0
DA:270,0
DA:272,0
DA:274,0
DA:275,0
DA:278,0
DA:283,0
DA:286,1
DA:292,0
DA:296,0
DA:298,0
DA:300,0
DA:305,0
DA:307,0
DA:309,0
DA:311,0
DA:312,0
DA:315,0
DA:320,0
DA:322,0
DA:325,0
DA:326,0
DA:327,0
DA:332,0
DA:333,0
DA:338,0
DA:341,0
DA:347,0
DA:351,0
DA:353,0
DA:355,0
DA:360,0
DA:362,0
DA:367,0
DA:370,0
DA:377,0
DA:382,0
DA:384,0
DA:387,0
DA:388,0
DA:389,0
DA:394,0
DA:395,0
DA:400,0
DA:403,0
DA:405,0
DA:409,0
DA:415,0
DA:418,0
DA:420,0
DA:422,0
DA:423,0
DA:425,0
DA:426,0
DA:428,0
DA:435,0
DA:441,0
DA:443,0
DA:444,0
DA:446,0
DA:448,0
DA:451,0
DA:454,0
DA:460,0
DA:466,0
DA:468,0
DA:470,0
DA:472,0
DA:475,0
DA:480,0
DA:481,0
DA:484,0
DA:487,0
DA:488,0
DA:490,0
DA:495,0
DA:501,0
DA:506,0
DA:511,0
DA:516,0
DA:518,0
DA:519,0
DA:521,0
DA:523,0
DA:525,0
DA:526,0
DA:528,0
DA:531,0
DA:533,0
DA:535,0
DA:537,0
DA:538,0
DA:540,0
DA:545,0
DA:549,0
DA:550,0
DA:552,0
DA:557,0
DA:560,0
DA:570,0
DA:576,0
DA:577,0
DA:578,0
DA:579,0
DA:580,0
DA:581,0
DA:582,0
DA:583,0
DA:585,0
DA:588,0
DA:589,0
DA:591,0
DA:599,0
DA:601,0
DA:602,0
DA:604,0
DA:615,0
DA:617,0
DA:618,0
DA:620,0
DA:621,0
DA:624,0
DA:627,0
DA:631,1
LF:219
LH:36
BRDA:21,0,0,3
BRDA:21,0,1,0
BRDA:32,1,0,0
BRDA:32,1,1,3
BRDA:35,2,0,0
BRDA:35,2,1,3
BRDA:79,3,0,0
BRDA:79,3,1,0
BRDA:85,4,0,0
BRDA:85,4,1,0
BRDA:99,5,0,0
BRDA:99,5,1,0
BRDA:107,6,0,0
BRDA:107,6,1,0
BRDA:116,7,0,0
BRDA:116,7,1,0
BRDA:127,8,0,0
BRDA:127,8,1,0
BRDA:137,9,0,0
BRDA:137,9,1,0
BRDA:146,10,0,0
BRDA:146,10,1,0
BRDA:183,11,0,0
BRDA:183,11,1,0
BRDA:190,12,0,0
BRDA:190,12,1,0
BRDA:193,13,0,0
BRDA:193,13,1,0
BRDA:236,14,0,1
BRDA:236,14,1,1
BRDA:240,15,0,1
BRDA:240,15,1,0
BRDA:246,16,0,1
BRDA:246,16,1,0
BRDA:248,17,0,0
BRDA:248,17,1,0
BRDA:262,18,0,0
BRDA:262,18,1,1
BRDA:265,19,0,0
BRDA:265,19,1,0
BRDA:270,20,0,0
BRDA:270,20,1,0
BRDA:274,21,0,0
BRDA:274,21,1,0
BRDA:298,22,0,0
BRDA:298,22,1,0
BRDA:305,23,0,0
BRDA:305,23,1,0
BRDA:309,24,0,0
BRDA:309,24,1,0
BRDA:320,25,0,0
BRDA:320,25,1,0
BRDA:353,26,0,0
BRDA:353,26,1,0
BRDA:360,27,0,0
BRDA:360,27,1,0
BRDA:367,28,0,0
BRDA:367,28,1,0
BRDA:382,29,0,0
BRDA:382,29,1,0
BRDA:400,30,0,0
BRDA:400,30,1,0
BRDA:420,31,0,0
BRDA:420,31,1,0
BRDA:425,32,0,0
BRDA:425,32,1,0
BRDA:443,33,0,0
BRDA:443,33,1,0
BRDA:446,34,0,0
BRDA:446,34,1,0
BRDA:466,35,0,0
BRDA:466,35,1,0
BRDA:470,36,0,0
BRDA:470,36,1,0
BRDA:472,37,0,0
BRDA:472,37,1,0
BRDA:487,38,0,0
BRDA:487,38,1,0
BRDA:518,39,0,0
BRDA:518,39,1,0
BRDA:521,40,0,0
BRDA:521,40,1,0
BRDA:525,41,0,0
BRDA:525,41,1,0
BRDA:526,42,0,0
BRDA:526,42,1,0
BRDA:533,43,0,0
BRDA:533,43,1,0
BRDA:537,44,0,0
BRDA:537,44,1,0
BRDA:549,45,0,0
BRDA:549,45,1,0
BRDA:578,46,0,0
BRDA:578,46,1,0
BRDA:581,47,0,0
BRDA:581,47,1,0
BRDA:588,48,0,0
BRDA:588,48,1,0
BRDA:601,49,0,0
BRDA:601,49,1,0
BRDA:617,50,0,0
BRDA:617,50,1,0
BRDA:620,51,0,0
BRDA:620,51,1,0
BRF:104
BRH:8
end_of_record
TN:
SF:src/handlers/star_handler.js
FN:28,GETStars
FNF:1
FNH:0
FNDA:0,GETStars
DA:10,1
DA:11,1
DA:12,1
DA:13,1
DA:30,0
DA:33,0
DA:35,0
DA:36,0
DA:37,0
DA:38,0
DA:39,0
DA:41,0
DA:44,0
DA:48,1
LF:14
LH:5
BRDA:35,0,0,0
BRDA:35,0,1,0
BRDA:37,1,0,0
BRDA:37,1,1,0
BRF:4
BRH:0
end_of_record
TN:
SF:src/handlers/theme_handler.js
FN:3,GETThemeFeatured
FNF:1
FNH:0
FNDA:0,GETThemeFeatured
DA:1,1
DA:17,0
DA:20,1
LF:3
LH:2
BRF:0
BRH:0
end_of_record
TN:
SF:src/handlers/update_handler.js
FN:3,GETUpdates
FNF:1
FNH:0
FNDA:0,GETUpdates
DA:1,1
DA:6,0
DA:9,1
LF:3
LH:2
BRF:0
BRH:0
end_of_record
TN:
SF:src/handlers/user_handler.js
FN:32,GETLoginStars
FNF:1
FNH:0
FNDA:0,GETLoginStars
DA:11,1
DA:12,1
DA:13,1
DA:14,1
DA:15,1
DA:34,0
DA:37,0
DA:39,0
DA:40,0
DA:42,0
DA:43,0
DA:45,0
DA:46,0
DA:48,0
DA:51,0
DA:52,0
DA:54,0
DA:59,1
LF:18
LH:6
BRDA:39,0,0,0
BRDA:39,0,1,0
BRDA:42,1,0,0
BRDA:42,1,1,0
BRDA:51,2,0,0
BRDA:51,2,1,0
BRF:6
BRH:0
end_of_record
